2021-05-30 22:05:39.526 START: workQueue.size: 0, waited for: 1ms, SpecificationLoader#init()
2021-05-30 22:05:39.526 START: workQueue.size: 0, waited for: 1ms, persistenceSessionFactory#init(...)
2021-05-30 22:05:39.526 START: workQueue.size: 0, waited for: 1ms, ChangesDtoUtils.init()
2021-05-30 22:05:39.527 START: workQueue.size: 0, waited for: 2ms, CommandDtoUtils.init()
2021-05-30 22:05:39.526 START: workQueue.size: 0, waited for: 1ms, InteractionDtoUtils.init()
2021-05-30 22:05:39.612 START: workQueue.size: 0, waited for: 0ms, org.apache.isis.core.metamodel.specloader.SpecificationLoader: #introspectUpTo( TYPE_INTROSPECTED )
2021-05-30 22:05:39.612 START: workQueue.size: 0, waited for: 0ms, org.apache.isis.core.runtime.system.persistence.PersistenceSessionFactory: #introspectUpTo( TYPE_INTROSPECTED )
2021-05-30 22:05:39.612 START: workQueue.size: 0, waited for: 0ms, org.apache.isis.core.runtime.system.session.IsisSessionFactory: #introspectUpTo( TYPE_INTROSPECTED )
2021-05-30 22:05:39.678 END: completed in: 66ms, org.apache.isis.core.runtime.system.session.IsisSessionFactory: #introspectUpTo( TYPE_INTROSPECTED )
2021-05-30 22:05:39.679 START: workQueue.size: 0, waited for: 67ms, org.apache.isis.core.runtime.authorization.standard.AuthorizationManagerStandard: #introspectUpTo( TYPE_INTROSPECTED )
2021-05-30 22:05:39.680 END: completed in: 68ms, org.apache.isis.core.runtime.system.persistence.PersistenceSessionFactory: #introspectUpTo( TYPE_INTROSPECTED )
2021-05-30 22:05:39.680 START: workQueue.size: 0, waited for: 68ms, org.apache.isis.core.runtime.authentication.standard.AuthenticationManagerStandard: #introspectUpTo( TYPE_INTROSPECTED )
2021-05-30 22:05:39.680 END: completed in: 68ms, org.apache.isis.core.metamodel.specloader.SpecificationLoader: #introspectUpTo( TYPE_INTROSPECTED )
2021-05-30 22:05:39.688 START: workQueue.size: 0, waited for: 76ms, org.apache.isis.core.commons.config.IsisConfigurationDefault: #introspectUpTo( TYPE_INTROSPECTED )
2021-05-30 22:05:39.692 END: completed in: 13ms, org.apache.isis.core.runtime.authorization.standard.AuthorizationManagerStandard: #introspectUpTo( TYPE_INTROSPECTED )
2021-05-30 22:05:39.692 START: workQueue.size: 0, waited for: 80ms, org.apache.isis.core.runtime.services.deplcat.DeploymentCategoryProviderDefault: #introspectUpTo( TYPE_INTROSPECTED )
2021-05-30 22:05:39.697 END: completed in: 5ms, org.apache.isis.core.runtime.services.deplcat.DeploymentCategoryProviderDefault: #introspectUpTo( TYPE_INTROSPECTED )
2021-05-30 22:05:39.697 START: workQueue.size: 0, waited for: 85ms, org.apache.isis.objectstore.jdo.datanucleus.service.eventbus.EventBusServiceJdo: #introspectUpTo( TYPE_INTROSPECTED )
2021-05-30 22:05:39.705 END: completed in: 8ms, org.apache.isis.objectstore.jdo.datanucleus.service.eventbus.EventBusServiceJdo: #introspectUpTo( TYPE_INTROSPECTED )
2021-05-30 22:05:39.705 START: workQueue.size: 0, waited for: 93ms, org.apache.isis.applib.services.queryresultscache.QueryResultsCache$Control: #introspectUpTo( TYPE_INTROSPECTED )
2021-05-30 22:05:39.708 END: completed in: 20ms, org.apache.isis.core.commons.config.IsisConfigurationDefault: #introspectUpTo( TYPE_INTROSPECTED )
2021-05-30 22:05:39.708 START: workQueue.size: 0, waited for: 96ms, domainapp.modules.simple.dom.impl.SimpleObjects: #introspectUpTo( TYPE_INTROSPECTED )
2021-05-30 22:05:39.710 END: completed in: 30ms, org.apache.isis.core.runtime.authentication.standard.AuthenticationManagerStandard: #introspectUpTo( TYPE_INTROSPECTED )
2021-05-30 22:05:39.710 START: workQueue.size: 0, waited for: 98ms, domainapp.modules.simple.dom.operador.OperadorRepositorio: #introspectUpTo( TYPE_INTROSPECTED )
2021-05-30 22:05:39.711 END: completed in: 6ms, org.apache.isis.applib.services.queryresultscache.QueryResultsCache$Control: #introspectUpTo( TYPE_INTROSPECTED )
2021-05-30 22:05:39.711 START: workQueue.size: 0, waited for: 99ms, domainapp.modules.simple.dom.reclamos.ReclamoMenu: #introspectUpTo( TYPE_INTROSPECTED )
2021-05-30 22:05:39.729 END: completed in: 19ms, domainapp.modules.simple.dom.operador.OperadorRepositorio: #introspectUpTo( TYPE_INTROSPECTED )
2021-05-30 22:05:39.730 END: completed in: 22ms, domainapp.modules.simple.dom.impl.SimpleObjects: #introspectUpTo( TYPE_INTROSPECTED )
2021-05-30 22:05:39.730 START: workQueue.size: 0, waited for: 118ms, org.apache.isis.applib.services.fixturespec.FixtureScriptsDefault: #introspectUpTo( TYPE_INTROSPECTED )
2021-05-30 22:05:39.730 START: workQueue.size: 0, waited for: 118ms, org.apache.isis.applib.services.layout.LayoutServiceMenu: #introspectUpTo( TYPE_INTROSPECTED )
2021-05-30 22:05:39.730 END: completed in: 19ms, domainapp.modules.simple.dom.reclamos.ReclamoMenu: #introspectUpTo( TYPE_INTROSPECTED )
2021-05-30 22:05:39.730 START: workQueue.size: 0, waited for: 118ms, org.apache.isis.applib.services.metamodel.MetaModelServicesMenu: #introspectUpTo( TYPE_INTROSPECTED )
2021-05-30 22:05:39.735 END: completed in: 5ms, org.apache.isis.applib.services.layout.LayoutServiceMenu: #introspectUpTo( TYPE_INTROSPECTED )
2021-05-30 22:05:39.736 START: workQueue.size: 0, waited for: 124ms, org.apache.isis.applib.services.swagger.SwaggerServiceMenu: #introspectUpTo( TYPE_INTROSPECTED )
2021-05-30 22:05:39.741 END: completed in: 11ms, org.apache.isis.applib.services.metamodel.MetaModelServicesMenu: #introspectUpTo( TYPE_INTROSPECTED )
2021-05-30 22:05:39.741 START: workQueue.size: 0, waited for: 129ms, org.apache.isis.core.runtime.services.i18n.po.TranslationServicePoMenu: #introspectUpTo( TYPE_INTROSPECTED )
2021-05-30 22:05:39.743 END: completed in: 7ms, org.apache.isis.applib.services.swagger.SwaggerServiceMenu: #introspectUpTo( TYPE_INTROSPECTED )
2021-05-30 22:05:39.743 START: workQueue.size: 0, waited for: 131ms, org.apache.isis.applib.services.hsqldb.HsqlDbManagerMenu: #introspectUpTo( TYPE_INTROSPECTED )
2021-05-30 22:05:39.747 END: completed in: 6ms, org.apache.isis.core.runtime.services.i18n.po.TranslationServicePoMenu: #introspectUpTo( TYPE_INTROSPECTED )
2021-05-30 22:05:39.747 START: workQueue.size: 0, waited for: 135ms, org.apache.isis.applib.services.config.ConfigurationServiceMenu: #introspectUpTo( TYPE_INTROSPECTED )
2021-05-30 22:05:39.748 END: completed in: 4ms, org.apache.isis.applib.services.hsqldb.HsqlDbManagerMenu: #introspectUpTo( TYPE_INTROSPECTED )
2021-05-30 22:05:39.748 START: workQueue.size: 0, waited for: 136ms, org.apache.isis.applib.conmap.ContentMappingServiceForCommandDto$CopyOverFromCommand: #introspectUpTo( TYPE_INTROSPECTED )
2021-05-30 22:05:39.750 END: completed in: 20ms, org.apache.isis.applib.services.fixturespec.FixtureScriptsDefault: #introspectUpTo( TYPE_INTROSPECTED )
2021-05-30 22:05:39.750 START: workQueue.size: 0, waited for: 138ms, domainapp.application.fixture.DomainAppFixtureScriptsSpecificationProvider: #introspectUpTo( TYPE_INTROSPECTED )
2021-05-30 22:05:39.751 END: completed in: 4ms, org.apache.isis.applib.services.config.ConfigurationServiceMenu: #introspectUpTo( TYPE_INTROSPECTED )
2021-05-30 22:05:39.751 END: completed in: 3ms, org.apache.isis.applib.conmap.ContentMappingServiceForCommandDto$CopyOverFromCommand: #introspectUpTo( TYPE_INTROSPECTED )
2021-05-30 22:05:39.751 START: workQueue.size: 0, waited for: 139ms, domainapp.application.services.health.HealthCheckServiceImpl: #introspectUpTo( TYPE_INTROSPECTED )
2021-05-30 22:05:39.752 START: workQueue.size: 0, waited for: 139ms, domainapp.application.services.homepage.HomePageService: #introspectUpTo( TYPE_INTROSPECTED )
2021-05-30 22:05:39.753 END: completed in: 3ms, domainapp.application.fixture.DomainAppFixtureScriptsSpecificationProvider: #introspectUpTo( TYPE_INTROSPECTED )
2021-05-30 22:05:39.753 START: workQueue.size: 0, waited for: 141ms, domainapp.modules.simple.dom.reclamos.ReclamoRepositorio: #introspectUpTo( TYPE_INTROSPECTED )
2021-05-30 22:05:39.755 END: completed in: 3ms, domainapp.application.services.health.HealthCheckServiceImpl: #introspectUpTo( TYPE_INTROSPECTED )
2021-05-30 22:05:39.755 START: workQueue.size: 0, waited for: 143ms, org.apache.isis.applib.services.dto.DtoMappingHelper: #introspectUpTo( TYPE_INTROSPECTED )
2021-05-30 22:05:39.756 END: completed in: 5ms, domainapp.application.services.homepage.HomePageService: #introspectUpTo( TYPE_INTROSPECTED )
2021-05-30 22:05:39.756 START: workQueue.size: 0, waited for: 144ms, org.apache.isis.core.runtime.services.background.CommandExecutorServiceDefault: #introspectUpTo( TYPE_INTROSPECTED )
2021-05-30 22:05:39.757 END: completed in: 4ms, domainapp.modules.simple.dom.reclamos.ReclamoRepositorio: #introspectUpTo( TYPE_INTROSPECTED )
2021-05-30 22:05:39.757 START: workQueue.size: 0, waited for: 145ms, org.apache.isis.core.runtime.services.menubars.MenuBarsLoaderServiceDefault: #introspectUpTo( TYPE_INTROSPECTED )
2021-05-30 22:05:39.758 END: completed in: 3ms, org.apache.isis.applib.services.dto.DtoMappingHelper: #introspectUpTo( TYPE_INTROSPECTED )
2021-05-30 22:05:39.758 START: workQueue.size: 0, waited for: 146ms, org.apache.isis.core.runtime.services.menubars.bootstrap3.MenuBarsServiceBS3: #introspectUpTo( TYPE_INTROSPECTED )
2021-05-30 22:05:39.760 END: completed in: 3ms, org.apache.isis.core.runtime.services.menubars.MenuBarsLoaderServiceDefault: #introspectUpTo( TYPE_INTROSPECTED )
2021-05-30 22:05:39.761 START: workQueue.size: 0, waited for: 149ms, org.apache.isis.core.runtime.services.userprof.UserProfileServiceDefault: #introspectUpTo( TYPE_INTROSPECTED )
2021-05-30 22:05:39.762 END: completed in: 4ms, org.apache.isis.core.runtime.services.background.CommandExecutorServiceDefault: #introspectUpTo( TYPE_INTROSPECTED )
2021-05-30 22:05:39.762 END: completed in: 4ms, org.apache.isis.core.runtime.services.menubars.bootstrap3.MenuBarsServiceBS3: #introspectUpTo( TYPE_INTROSPECTED )
2021-05-30 22:05:39.763 START: workQueue.size: 0, waited for: 151ms, org.apache.isis.viewer.restfulobjects.rendering.service.conneg.ContentNegotiationServiceOrgApacheIsisV1: #introspectUpTo( TYPE_INTROSPECTED )
2021-05-30 22:05:39.763 START: workQueue.size: 0, waited for: 151ms, org.apache.isis.viewer.restfulobjects.rendering.service.conneg.ContentNegotiationServiceXRoDomainType: #introspectUpTo( TYPE_INTROSPECTED )
2021-05-30 22:05:39.764 END: completed in: 3ms, org.apache.isis.core.runtime.services.userprof.UserProfileServiceDefault: #introspectUpTo( TYPE_INTROSPECTED )
2021-05-30 22:05:39.764 START: workQueue.size: 0, waited for: 152ms, org.apache.isis.core.runtime.services.message.MessageServiceDefault: #introspectUpTo( TYPE_INTROSPECTED )
2021-05-30 22:05:39.769 END: completed in: 6ms, org.apache.isis.viewer.restfulobjects.rendering.service.conneg.ContentNegotiationServiceOrgApacheIsisV1: #introspectUpTo( TYPE_INTROSPECTED )
2021-05-30 22:05:39.769 START: workQueue.size: 0, waited for: 157ms, org.apache.isis.core.runtime.services.persistsession.PersistenceSessionServiceInternalDefault: #introspectUpTo( TYPE_INTROSPECTED )
2021-05-30 22:05:39.770 END: completed in: 7ms, org.apache.isis.viewer.restfulobjects.rendering.service.conneg.ContentNegotiationServiceXRoDomainType: #introspectUpTo( TYPE_INTROSPECTED )
2021-05-30 22:05:39.770 END: completed in: 4ms, org.apache.isis.core.runtime.services.message.MessageServiceDefault: #introspectUpTo( TYPE_INTROSPECTED )
2021-05-30 22:05:39.770 START: workQueue.size: 0, waited for: 158ms, org.apache.isis.applib.annotation.Bulk$InteractionContext: #introspectUpTo( TYPE_INTROSPECTED )
2021-05-30 22:05:39.770 END: completed in: 244ms, ChangesDtoUtils.init()
2021-05-30 22:05:39.770 START: workQueue.size: 0, waited for: 158ms, org.apache.isis.applib.conmap.ContentMappingServiceForCommandDto: #introspectUpTo( TYPE_INTROSPECTED )
2021-05-30 22:05:39.771 START: workQueue.size: 0, waited for: 158ms, org.apache.isis.applib.conmap.ContentMappingServiceForCommandsDto: #introspectUpTo( TYPE_INTROSPECTED )
2021-05-30 22:05:39.774 END: completed in: 4ms, org.apache.isis.applib.conmap.ContentMappingServiceForCommandsDto: #introspectUpTo( TYPE_INTROSPECTED )
2021-05-30 22:05:39.774 START: workQueue.size: 0, waited for: 162ms, org.apache.isis.applib.fixturescripts.ExecutionParametersService: #introspectUpTo( TYPE_INTROSPECTED )
2021-05-30 22:05:39.775 END: completed in: 5ms, org.apache.isis.applib.conmap.ContentMappingServiceForCommandDto: #introspectUpTo( TYPE_INTROSPECTED )
2021-05-30 22:05:39.775 START: workQueue.size: 0, waited for: 163ms, org.apache.isis.applib.services.actinvoc.ActionInvocationContext: #introspectUpTo( TYPE_INTROSPECTED )
2021-05-30 22:05:39.775 END: completed in: 5ms, org.apache.isis.applib.annotation.Bulk$InteractionContext: #introspectUpTo( TYPE_INTROSPECTED )
2021-05-30 22:05:39.776 START: workQueue.size: 0, waited for: 163ms, org.apache.isis.applib.services.audit.AuditerServiceLogging: #introspectUpTo( TYPE_INTROSPECTED )
2021-05-30 22:05:39.777 END: completed in: 3ms, org.apache.isis.applib.fixturescripts.ExecutionParametersService: #introspectUpTo( TYPE_INTROSPECTED )
2021-05-30 22:05:39.777 START: workQueue.size: 0, waited for: 165ms, org.apache.isis.applib.services.classdiscovery.ClassDiscoveryServiceUsingReflections: #introspectUpTo( TYPE_INTROSPECTED )
2021-05-30 22:05:39.778 END: completed in: 9ms, org.apache.isis.core.runtime.services.persistsession.PersistenceSessionServiceInternalDefault: #introspectUpTo( TYPE_INTROSPECTED )
2021-05-30 22:05:39.778 START: workQueue.size: 0, waited for: 166ms, org.apache.isis.applib.services.clock.ClockService: #introspectUpTo( TYPE_INTROSPECTED )
2021-05-30 22:05:39.779 END: completed in: 4ms, org.apache.isis.applib.services.audit.AuditerServiceLogging: #introspectUpTo( TYPE_INTROSPECTED )
2021-05-30 22:05:39.779 START: workQueue.size: 0, waited for: 167ms, org.apache.isis.applib.services.command.CommandContext: #introspectUpTo( TYPE_INTROSPECTED )
2021-05-30 22:05:39.780 END: completed in: 4ms, org.apache.isis.applib.services.actinvoc.ActionInvocationContext: #introspectUpTo( TYPE_INTROSPECTED )
2021-05-30 22:05:39.780 START: workQueue.size: 0, waited for: 168ms, org.apache.isis.applib.services.iactn.InteractionContext: #introspectUpTo( TYPE_INTROSPECTED )
2021-05-30 22:05:39.781 END: completed in: 4ms, org.apache.isis.applib.services.classdiscovery.ClassDiscoveryServiceUsingReflections: #introspectUpTo( TYPE_INTROSPECTED )
2021-05-30 22:05:39.781 START: workQueue.size: 0, waited for: 169ms, org.apache.isis.applib.services.publish.PublisherServiceLogging: #introspectUpTo( TYPE_INTROSPECTED )
2021-05-30 22:05:39.782 END: completed in: 4ms, org.apache.isis.applib.services.clock.ClockService: #introspectUpTo( TYPE_INTROSPECTED )
2021-05-30 22:05:39.782 START: workQueue.size: 0, waited for: 170ms, org.apache.isis.applib.services.queryresultscache.QueryResultsCache: #introspectUpTo( TYPE_INTROSPECTED )
2021-05-30 22:05:39.782 END: completed in: 2ms, org.apache.isis.applib.services.iactn.InteractionContext: #introspectUpTo( TYPE_INTROSPECTED )
2021-05-30 22:05:39.782 START: workQueue.size: 0, waited for: 170ms, org.apache.isis.applib.services.routing.RoutingServiceDefault: #introspectUpTo( TYPE_INTROSPECTED )
2021-05-30 22:05:39.785 END: completed in: 4ms, org.apache.isis.applib.services.publish.PublisherServiceLogging: #introspectUpTo( TYPE_INTROSPECTED )
2021-05-30 22:05:39.786 END: completed in: 4ms, org.apache.isis.applib.services.routing.RoutingServiceDefault: #introspectUpTo( TYPE_INTROSPECTED )
2021-05-30 22:05:39.786 END: completed in: 6ms, org.apache.isis.applib.services.command.CommandContext: #introspectUpTo( TYPE_INTROSPECTED )
2021-05-30 22:05:39.786 START: workQueue.size: 0, waited for: 174ms, org.apache.isis.applib.services.tablecol.TableColumnOrderService$Default: #introspectUpTo( TYPE_INTROSPECTED )
2021-05-30 22:05:39.786 START: workQueue.size: 0, waited for: 174ms, org.apache.isis.applib.services.scratchpad.Scratchpad: #introspectUpTo( TYPE_INTROSPECTED )
2021-05-30 22:05:39.786 START: workQueue.size: 0, waited for: 174ms, org.apache.isis.applib.services.urlencoding.UrlEncodingServiceUsingBaseEncoding: #introspectUpTo( TYPE_INTROSPECTED )
2021-05-30 22:05:39.786 END: completed in: 4ms, org.apache.isis.applib.services.queryresultscache.QueryResultsCache: #introspectUpTo( TYPE_INTROSPECTED )
2021-05-30 22:05:39.786 START: workQueue.size: 0, waited for: 174ms, org.apache.isis.core.metamodel.services.appfeat.ApplicationFeatureFactory: #introspectUpTo( TYPE_INTROSPECTED )
2021-05-30 22:05:39.792 END: completed in: 6ms, org.apache.isis.applib.services.tablecol.TableColumnOrderService$Default: #introspectUpTo( TYPE_INTROSPECTED )
2021-05-30 22:05:39.792 START: workQueue.size: 0, waited for: 180ms, org.apache.isis.core.metamodel.services.appfeat.ApplicationFeatureRepositoryDefault: #introspectUpTo( TYPE_INTROSPECTED )
2021-05-30 22:05:39.792 END: completed in: 6ms, org.apache.isis.applib.services.scratchpad.Scratchpad: #introspectUpTo( TYPE_INTROSPECTED )
2021-05-30 22:05:39.792 START: workQueue.size: 0, waited for: 180ms, org.apache.isis.core.metamodel.services.bookmarks.BookmarkServiceInternalDefault: #introspectUpTo( TYPE_INTROSPECTED )
2021-05-30 22:05:39.793 END: completed in: 7ms, org.apache.isis.applib.services.urlencoding.UrlEncodingServiceUsingBaseEncoding: #introspectUpTo( TYPE_INTROSPECTED )
2021-05-30 22:05:39.793 END: completed in: 7ms, org.apache.isis.core.metamodel.services.appfeat.ApplicationFeatureFactory: #introspectUpTo( TYPE_INTROSPECTED )
2021-05-30 22:05:39.793 START: workQueue.size: 0, waited for: 181ms, org.apache.isis.core.metamodel.services.config.ConfigurationServiceDefault: #introspectUpTo( TYPE_INTROSPECTED )
2021-05-30 22:05:39.793 START: workQueue.size: 0, waited for: 181ms, org.apache.isis.core.metamodel.services.container.DomainObjectContainerDefault: #introspectUpTo( TYPE_INTROSPECTED )
2021-05-30 22:05:39.794 END: completed in: 267ms, CommandDtoUtils.init()
2021-05-30 22:05:39.795 START: workQueue.size: 0, waited for: 183ms, org.apache.isis.core.metamodel.services.factory.FactoryServiceInternalDefault: #introspectUpTo( TYPE_INTROSPECTED )
2021-05-30 22:05:39.796 END: completed in: 270ms, InteractionDtoUtils.init()
2021-05-30 22:05:39.796 START: workQueue.size: 0, waited for: 184ms, org.apache.isis.core.metamodel.services.grid.GridLoaderServiceDefault: #introspectUpTo( TYPE_INTROSPECTED )
2021-05-30 22:05:39.800 END: completed in: 4ms, org.apache.isis.core.metamodel.services.factory.FactoryServiceInternalDefault: #introspectUpTo( TYPE_INTROSPECTED )
2021-05-30 22:05:39.804 START: workQueue.size: 0, waited for: 192ms, org.apache.isis.core.metamodel.services.grid.GridServiceDefault: #introspectUpTo( TYPE_INTROSPECTED )
2021-05-30 22:05:39.805 END: completed in: 13ms, org.apache.isis.core.metamodel.services.appfeat.ApplicationFeatureRepositoryDefault: #introspectUpTo( TYPE_INTROSPECTED )
2021-05-30 22:05:39.805 END: completed in: 9ms, org.apache.isis.core.metamodel.services.grid.GridLoaderServiceDefault: #introspectUpTo( TYPE_INTROSPECTED )
2021-05-30 22:05:39.805 START: workQueue.size: 0, waited for: 193ms, org.apache.isis.core.metamodel.services.grid.bootstrap3.GridSystemServiceBS3: #introspectUpTo( TYPE_INTROSPECTED )
2021-05-30 22:05:39.803 END: completed in: 11ms, org.apache.isis.core.metamodel.services.bookmarks.BookmarkServiceInternalDefault: #introspectUpTo( TYPE_INTROSPECTED )
2021-05-30 22:05:39.800 END: completed in: 6ms, org.apache.isis.core.metamodel.services.config.ConfigurationServiceDefault: #introspectUpTo( TYPE_INTROSPECTED )
2021-05-30 22:05:39.806 START: workQueue.size: 0, waited for: 194ms, org.apache.isis.core.metamodel.services.message.MessageServiceNoop: #introspectUpTo( TYPE_INTROSPECTED )
2021-05-30 22:05:39.807 START: workQueue.size: 0, waited for: 194ms, org.apache.isis.core.metamodel.services.metamodel.MetaModelServiceDefault: #introspectUpTo( TYPE_INTROSPECTED )
2021-05-30 22:05:39.811 END: completed in: 6ms, org.apache.isis.core.metamodel.services.grid.GridServiceDefault: #introspectUpTo( TYPE_INTROSPECTED )
2021-05-30 22:05:39.811 START: workQueue.size: 0, waited for: 199ms, org.apache.isis.core.metamodel.services.persistsession.PersistenceSessionServiceInternalNoop: #introspectUpTo( TYPE_INTROSPECTED )
2021-05-30 22:05:39.811 END: completed in: 5ms, org.apache.isis.core.metamodel.services.message.MessageServiceNoop: #introspectUpTo( TYPE_INTROSPECTED )
2021-05-30 22:05:39.811 START: workQueue.size: 0, waited for: 199ms, org.apache.isis.core.metamodel.services.registry.ServiceRegistryDefault: #introspectUpTo( TYPE_INTROSPECTED )
2021-05-30 22:05:39.805 START: workQueue.size: 0, waited for: 193ms, org.apache.isis.core.metamodel.services.layout.LayoutServiceDefault: #introspectUpTo( TYPE_INTROSPECTED )
2021-05-30 22:05:39.815 END: completed in: 9ms, org.apache.isis.core.metamodel.services.metamodel.MetaModelServiceDefault: #introspectUpTo( TYPE_INTROSPECTED )
2021-05-30 22:05:39.815 START: workQueue.size: 0, waited for: 203ms, org.apache.isis.core.metamodel.services.repository.RepositoryServiceInternalDefault: #introspectUpTo( TYPE_INTROSPECTED )
2021-05-30 22:05:39.817 END: completed in: 6ms, org.apache.isis.core.metamodel.services.registry.ServiceRegistryDefault: #introspectUpTo( TYPE_INTROSPECTED )
2021-05-30 22:05:39.817 START: workQueue.size: 0, waited for: 205ms, org.apache.isis.core.metamodel.services.swagger.SwaggerServiceDefault: #introspectUpTo( TYPE_INTROSPECTED )
2021-05-30 22:05:39.818 END: completed in: 12ms, org.apache.isis.core.metamodel.services.grid.bootstrap3.GridSystemServiceBS3: #introspectUpTo( TYPE_INTROSPECTED )
2021-05-30 22:05:39.818 START: workQueue.size: 0, waited for: 206ms, org.apache.isis.core.metamodel.services.title.TitleServiceDefault: #introspectUpTo( TYPE_INTROSPECTED )
2021-05-30 22:05:39.822 END: completed in: 5ms, org.apache.isis.core.metamodel.services.swagger.SwaggerServiceDefault: #introspectUpTo( TYPE_INTROSPECTED )
2021-05-30 22:05:39.822 END: completed in: 4ms, org.apache.isis.core.metamodel.services.title.TitleServiceDefault: #introspectUpTo( TYPE_INTROSPECTED )
2021-05-30 22:05:39.822 START: workQueue.size: 0, waited for: 210ms, org.apache.isis.core.metamodel.services.user.UserServiceDefault: #introspectUpTo( TYPE_INTROSPECTED )
2021-05-30 22:05:39.822 START: workQueue.size: 0, waited for: 210ms, org.apache.isis.core.metamodel.services.user.UserServiceDefault$SudoServiceSpi: #introspectUpTo( TYPE_INTROSPECTED )
2021-05-30 22:05:39.826 END: completed in: 21ms, org.apache.isis.core.metamodel.services.layout.LayoutServiceDefault: #introspectUpTo( TYPE_INTROSPECTED )
2021-05-30 22:05:39.826 START: workQueue.size: 0, waited for: 214ms, org.apache.isis.core.metamodel.services.xactn.TransactionServiceDefault: #introspectUpTo( TYPE_INTROSPECTED )
2021-05-30 22:05:39.826 END: completed in: 15ms, org.apache.isis.core.metamodel.services.persistsession.PersistenceSessionServiceInternalNoop: #introspectUpTo( TYPE_INTROSPECTED )
2021-05-30 22:05:39.826 START: workQueue.size: 0, waited for: 214ms, org.apache.isis.core.runtime.services.auditing.AuditingServiceInternal: #introspectUpTo( TYPE_INTROSPECTED )
2021-05-30 22:05:39.829 END: completed in: 14ms, org.apache.isis.core.metamodel.services.repository.RepositoryServiceInternalDefault: #introspectUpTo( TYPE_INTROSPECTED )
2021-05-30 22:05:39.829 START: workQueue.size: 0, waited for: 217ms, org.apache.isis.core.runtime.services.authsess.AuthenticationSessionProviderDefault: #introspectUpTo( TYPE_INTROSPECTED )
2021-05-30 22:05:39.832 END: completed in: 10ms, org.apache.isis.core.metamodel.services.user.UserServiceDefault$SudoServiceSpi: #introspectUpTo( TYPE_INTROSPECTED )
2021-05-30 22:05:39.832 START: workQueue.size: 0, waited for: 220ms, org.apache.isis.core.runtime.services.background.BackgroundServiceDefault: #introspectUpTo( TYPE_INTROSPECTED )
2021-05-30 22:05:39.833 END: completed in: 4ms, org.apache.isis.core.runtime.services.authsess.AuthenticationSessionProviderDefault: #introspectUpTo( TYPE_INTROSPECTED )
2021-05-30 22:05:39.836 START: workQueue.size: 0, waited for: 224ms, org.apache.isis.core.runtime.services.changes.ChangedObjectsServiceInternal: #introspectUpTo( TYPE_INTROSPECTED )
2021-05-30 22:05:39.836 END: completed in: 4ms, org.apache.isis.core.runtime.services.background.BackgroundServiceDefault: #introspectUpTo( TYPE_INTROSPECTED )
2021-05-30 22:05:39.838 START: workQueue.size: 0, waited for: 226ms, org.apache.isis.core.runtime.services.command.CommandDtoServiceInternalDefault: #introspectUpTo( TYPE_INTROSPECTED )
2021-05-30 22:05:39.839 END: completed in: 13ms, org.apache.isis.core.runtime.services.auditing.AuditingServiceInternal: #introspectUpTo( TYPE_INTROSPECTED )
2021-05-30 22:05:39.840 START: workQueue.size: 0, waited for: 228ms, org.apache.isis.core.runtime.services.command.CommandServiceDefault: #introspectUpTo( TYPE_INTROSPECTED )
2021-05-30 22:05:39.842 END: completed in: 6ms, org.apache.isis.core.runtime.services.changes.ChangedObjectsServiceInternal: #introspectUpTo( TYPE_INTROSPECTED )
2021-05-30 22:05:39.842 START: workQueue.size: 0, waited for: 230ms, org.apache.isis.core.runtime.services.email.EmailServiceDefault: #introspectUpTo( TYPE_INTROSPECTED )
2021-05-30 22:05:39.834 END: completed in: 8ms, org.apache.isis.core.metamodel.services.xactn.TransactionServiceDefault: #introspectUpTo( TYPE_INTROSPECTED )
2021-05-30 22:05:39.836 END: completed in: 13ms, org.apache.isis.core.metamodel.services.user.UserServiceDefault: #introspectUpTo( TYPE_INTROSPECTED )
2021-05-30 22:05:39.843 END: completed in: 5ms, org.apache.isis.core.runtime.services.command.CommandDtoServiceInternalDefault: #introspectUpTo( TYPE_INTROSPECTED )
2021-05-30 22:05:39.843 START: workQueue.size: 0, waited for: 231ms, org.apache.isis.core.runtime.services.i18n.po.TranslationServicePo: #introspectUpTo( TYPE_INTROSPECTED )
2021-05-30 22:05:39.843 START: workQueue.size: 0, waited for: 231ms, org.apache.isis.core.runtime.services.homepage.HomePageProviderServiceDefault: #introspectUpTo( TYPE_INTROSPECTED )
2021-05-30 22:05:39.838 END: completed in: 45ms, org.apache.isis.core.metamodel.services.container.DomainObjectContainerDefault: #introspectUpTo( TYPE_INTROSPECTED )
2021-05-30 22:05:39.844 START: workQueue.size: 0, waited for: 231ms, org.apache.isis.core.runtime.services.memento.MementoServiceDefault: #introspectUpTo( TYPE_INTROSPECTED )
2021-05-30 22:05:39.843 START: workQueue.size: 0, waited for: 231ms, org.apache.isis.core.runtime.services.ixn.InteractionDtoServiceInternalDefault: #introspectUpTo( TYPE_INTROSPECTED )
2021-05-30 22:05:39.844 END: completed in: 4ms, org.apache.isis.core.runtime.services.command.CommandServiceDefault: #introspectUpTo( TYPE_INTROSPECTED )
2021-05-30 22:05:39.847 END: completed in: 5ms, org.apache.isis.core.runtime.services.email.EmailServiceDefault: #introspectUpTo( TYPE_INTROSPECTED )
2021-05-30 22:05:39.847 START: workQueue.size: 0, waited for: 235ms, org.apache.isis.core.runtime.services.metrics.MetricsServiceDefault: #introspectUpTo( TYPE_INTROSPECTED )
2021-05-30 22:05:39.847 START: workQueue.size: 0, waited for: 235ms, org.apache.isis.core.runtime.services.publish.PublishingServiceInternalDefault: #introspectUpTo( TYPE_INTROSPECTED )
2021-05-30 22:05:39.848 END: completed in: 4ms, org.apache.isis.core.runtime.services.homepage.HomePageProviderServiceDefault: #introspectUpTo( TYPE_INTROSPECTED )
2021-05-30 22:05:39.848 START: workQueue.size: 0, waited for: 236ms, org.apache.isis.core.runtime.services.sessmgmt.SessionManagementServiceDefault: #introspectUpTo( TYPE_INTROSPECTED )
2021-05-30 22:05:39.849 END: completed in: 6ms, org.apache.isis.core.runtime.services.ixn.InteractionDtoServiceInternalDefault: #introspectUpTo( TYPE_INTROSPECTED )
2021-05-30 22:05:39.850 START: workQueue.size: 0, waited for: 238ms, org.apache.isis.core.runtime.services.sudo.SudoServiceDefault: #introspectUpTo( TYPE_INTROSPECTED )
2021-05-30 22:05:39.851 END: completed in: 4ms, org.apache.isis.core.runtime.services.publish.PublishingServiceInternalDefault: #introspectUpTo( TYPE_INTROSPECTED )
2021-05-30 22:05:39.851 START: workQueue.size: 0, waited for: 239ms, org.apache.isis.core.runtime.services.userreg.EmailNotificationServiceDefault: #introspectUpTo( TYPE_INTROSPECTED )
2021-05-30 22:05:39.852 END: completed in: 4ms, org.apache.isis.core.runtime.services.sessmgmt.SessionManagementServiceDefault: #introspectUpTo( TYPE_INTROSPECTED )
2021-05-30 22:05:39.852 START: workQueue.size: 0, waited for: 240ms, org.apache.isis.core.runtime.services.xmlsnapshot.XmlSnapshotServiceDefault: #introspectUpTo( TYPE_INTROSPECTED )
2021-05-30 22:05:39.854 END: completed in: 4ms, org.apache.isis.core.runtime.services.sudo.SudoServiceDefault: #introspectUpTo( TYPE_INTROSPECTED )
2021-05-30 22:05:39.856 END: completed in: 13ms, org.apache.isis.core.runtime.services.i18n.po.TranslationServicePo: #introspectUpTo( TYPE_INTROSPECTED )
2021-05-30 22:05:39.856 END: completed in: 5ms, org.apache.isis.core.runtime.services.userreg.EmailNotificationServiceDefault: #introspectUpTo( TYPE_INTROSPECTED )
2021-05-30 22:05:39.856 START: workQueue.size: 0, waited for: 244ms, org.apache.isis.objectstore.jdo.applib.service.exceprecog.ExceptionRecognizerCompositeForJdoObjectStore: #introspectUpTo( TYPE_INTROSPECTED )
2021-05-30 22:05:39.857 END: completed in: 14ms, org.apache.isis.core.runtime.services.memento.MementoServiceDefault: #introspectUpTo( TYPE_INTROSPECTED )
2021-05-30 22:05:39.858 START: workQueue.size: 0, waited for: 245ms, org.apache.isis.objectstore.jdo.datanucleus.service.support.IsisJdoSupportImpl: #introspectUpTo( TYPE_INTROSPECTED )
2021-05-30 22:05:39.859 END: completed in: 12ms, org.apache.isis.core.runtime.services.metrics.MetricsServiceDefault: #introspectUpTo( TYPE_INTROSPECTED )
2021-05-30 22:05:39.859 START: workQueue.size: 0, waited for: 247ms, org.apache.isis.objectstore.jdo.datanucleus.service.support.TimestampService: #introspectUpTo( TYPE_INTROSPECTED )
2021-05-30 22:05:39.861 END: completed in: 5ms, org.apache.isis.objectstore.jdo.applib.service.exceprecog.ExceptionRecognizerCompositeForJdoObjectStore: #introspectUpTo( TYPE_INTROSPECTED )
2021-05-30 22:05:39.861 START: workQueue.size: 0, waited for: 249ms, org.apache.isis.viewer.restfulobjects.rendering.service.RepresentationServiceContentNegotiator: #introspectUpTo( TYPE_INTROSPECTED )
2021-05-30 22:05:39.863 END: completed in: 6ms, org.apache.isis.objectstore.jdo.datanucleus.service.support.IsisJdoSupportImpl: #introspectUpTo( TYPE_INTROSPECTED )
2021-05-30 22:05:39.863 START: workQueue.size: 0, waited for: 242ms, org.apache.isis.core.wrapper.WrapperFactoryDefault: #introspectUpTo( TYPE_INTROSPECTED )
2021-05-30 22:05:39.859 END: completed in: 7ms, org.apache.isis.core.runtime.services.xmlsnapshot.XmlSnapshotServiceDefault: #introspectUpTo( TYPE_INTROSPECTED )
2021-05-30 22:05:39.864 START: workQueue.size: 0, waited for: 252ms, org.apache.isis.viewer.restfulobjects.rendering.service.acceptheader.AcceptHeaderServiceForRest: #introspectUpTo( TYPE_INTROSPECTED )
2021-05-30 22:05:39.865 END: completed in: 4ms, org.apache.isis.viewer.restfulobjects.rendering.service.RepresentationServiceContentNegotiator: #introspectUpTo( TYPE_INTROSPECTED )
2021-05-30 22:05:39.865 START: workQueue.size: 0, waited for: 253ms, org.apache.isis.viewer.restfulobjects.rendering.service.conneg.ContentNegotiationServiceForRestfulObjectsV1_0: #introspectUpTo( TYPE_INTROSPECTED )
2021-05-30 22:05:39.867 END: completed in: 3ms, org.apache.isis.viewer.restfulobjects.rendering.service.acceptheader.AcceptHeaderServiceForRest: #introspectUpTo( TYPE_INTROSPECTED )
2021-05-30 22:05:39.867 START: workQueue.size: 0, waited for: 255ms, org.apache.isis.viewer.wicket.viewer.services.BookmarkUiServiceWicket: #introspectUpTo( TYPE_INTROSPECTED )
2021-05-30 22:05:39.868 END: completed in: 14ms, org.apache.isis.core.wrapper.WrapperFactoryDefault: #introspectUpTo( TYPE_INTROSPECTED )
2021-05-30 22:05:39.868 START: workQueue.size: 0, waited for: 256ms, org.apache.isis.viewer.wicket.viewer.services.DeepLinkServiceWicket: #introspectUpTo( TYPE_INTROSPECTED )
2021-05-30 22:05:39.869 END: completed in: 4ms, org.apache.isis.viewer.restfulobjects.rendering.service.conneg.ContentNegotiationServiceForRestfulObjectsV1_0: #introspectUpTo( TYPE_INTROSPECTED )
2021-05-30 22:05:39.869 START: workQueue.size: 0, waited for: 257ms, org.apache.isis.viewer.wicket.viewer.services.GuiceBeanProviderWicket: #introspectUpTo( TYPE_INTROSPECTED )
2021-05-30 22:05:39.870 END: completed in: 3ms, org.apache.isis.viewer.wicket.viewer.services.BookmarkUiServiceWicket: #introspectUpTo( TYPE_INTROSPECTED )
2021-05-30 22:05:39.871 START: workQueue.size: 0, waited for: 259ms, org.apache.isis.viewer.wicket.viewer.services.HintStoreUsingWicketSession: #introspectUpTo( TYPE_INTROSPECTED )
2021-05-30 22:05:39.871 END: completed in: 3ms, org.apache.isis.viewer.wicket.viewer.services.DeepLinkServiceWicket: #introspectUpTo( TYPE_INTROSPECTED )
2021-05-30 22:05:39.871 START: workQueue.size: 0, waited for: 259ms, org.apache.isis.viewer.wicket.viewer.services.LocaleProviderWicket: #introspectUpTo( TYPE_INTROSPECTED )
2021-05-30 22:05:39.873 END: completed in: 3ms, org.apache.isis.viewer.wicket.viewer.services.GuiceBeanProviderWicket: #introspectUpTo( TYPE_INTROSPECTED )
2021-05-30 22:05:39.873 START: workQueue.size: 0, waited for: 261ms, org.apache.isis.viewer.wicket.viewer.services.TranslationsResolverWicket: #introspectUpTo( TYPE_INTROSPECTED )
2021-05-30 22:05:39.874 END: completed in: 3ms, org.apache.isis.viewer.wicket.viewer.services.LocaleProviderWicket: #introspectUpTo( TYPE_INTROSPECTED )
2021-05-30 22:05:39.863 START: workQueue.size: 0, waited for: 251ms, org.apache.isis.viewer.restfulobjects.rendering.service.RepresentationServiceForRestfulObjects: #introspectUpTo( TYPE_INTROSPECTED )
2021-05-30 22:05:39.874 START: workQueue.size: 0, waited for: 262ms, org.apache.isis.core.metamodel.services.jdosupport.Persistable_datanucleusVersionTimestamp: #introspectUpTo( TYPE_INTROSPECTED )
2021-05-30 22:05:39.863 END: completed in: 4ms, org.apache.isis.objectstore.jdo.datanucleus.service.support.TimestampService: #introspectUpTo( TYPE_INTROSPECTED )
2021-05-30 22:05:39.859 START: workQueue.size: 0, waited for: 247ms, org.apache.isis.schema.services.jaxb.JaxbServiceDefault: #introspectUpTo( TYPE_INTROSPECTED )
2021-05-30 22:05:39.875 START: workQueue.size: 0, waited for: 263ms, org.apache.isis.core.metamodel.services.jdosupport.Persistable_datanucleusIdLong: #introspectUpTo( TYPE_INTROSPECTED )
2021-05-30 22:05:39.876 END: completed in: 3ms, org.apache.isis.viewer.wicket.viewer.services.TranslationsResolverWicket: #introspectUpTo( TYPE_INTROSPECTED )
2021-05-30 22:05:39.876 START: workQueue.size: 0, waited for: 264ms, org.apache.isis.core.metamodel.services.jdosupport.Persistable_datanucleusVersionLong: #introspectUpTo( TYPE_INTROSPECTED )
2021-05-30 22:05:39.878 END: completed in: 15ms, org.apache.isis.viewer.restfulobjects.rendering.service.RepresentationServiceForRestfulObjects: #introspectUpTo( TYPE_INTROSPECTED )
2021-05-30 22:05:39.878 START: workQueue.size: 0, waited for: 266ms, org.apache.isis.applib.services.layout.Object_rebuildMetamodel: #introspectUpTo( TYPE_INTROSPECTED )
2021-05-30 22:05:39.874 END: completed in: 3ms, org.apache.isis.viewer.wicket.viewer.services.HintStoreUsingWicketSession: #introspectUpTo( TYPE_INTROSPECTED )
2021-05-30 22:05:39.879 END: completed in: 20ms, org.apache.isis.schema.services.jaxb.JaxbServiceDefault: #introspectUpTo( TYPE_INTROSPECTED )
2021-05-30 22:05:39.879 START: workQueue.size: 0, waited for: 267ms, org.apache.isis.applib.services.dto.Dto_downloadXml: #introspectUpTo( TYPE_INTROSPECTED )
2021-05-30 22:05:39.879 START: workQueue.size: 0, waited for: 267ms, org.apache.isis.applib.services.layout.Object_downloadLayoutXml: #introspectUpTo( TYPE_INTROSPECTED )
2021-05-30 22:05:39.882 END: completed in: 4ms, org.apache.isis.applib.services.layout.Object_rebuildMetamodel: #introspectUpTo( TYPE_INTROSPECTED )
2021-05-30 22:05:39.882 END: completed in: 3ms, org.apache.isis.applib.services.dto.Dto_downloadXml: #introspectUpTo( TYPE_INTROSPECTED )
2021-05-30 22:05:39.882 START: workQueue.size: 0, waited for: 270ms, org.apache.isis.applib.services.layout.Object_openRestApi: #introspectUpTo( TYPE_INTROSPECTED )
2021-05-30 22:05:39.882 START: workQueue.size: 0, waited for: 270ms, org.apache.isis.viewer.wicket.viewer.services.Object_clearHints: #introspectUpTo( TYPE_INTROSPECTED )
2021-05-30 22:05:39.882 END: completed in: 7ms, org.apache.isis.core.metamodel.services.jdosupport.Persistable_datanucleusIdLong: #introspectUpTo( TYPE_INTROSPECTED )
2021-05-30 22:05:39.882 END: completed in: 3ms, org.apache.isis.applib.services.layout.Object_downloadLayoutXml: #introspectUpTo( TYPE_INTROSPECTED )
2021-05-30 22:05:39.883 START: workQueue.size: 0, waited for: 271ms, org.apache.isis.applib.services.bookmark.BookmarkHolder_object: #introspectUpTo( TYPE_INTROSPECTED )
2021-05-30 22:05:39.883 START: workQueue.size: 0, waited for: 271ms, org.apache.isis.core.metamodel.services.jdosupport.Persistable_downloadJdoMetadata: #introspectUpTo( TYPE_INTROSPECTED )
2021-05-30 22:05:39.884 END: completed in: 8ms, org.apache.isis.core.metamodel.services.jdosupport.Persistable_datanucleusVersionLong: #introspectUpTo( TYPE_INTROSPECTED )
2021-05-30 22:05:39.885 START: workQueue.size: 0, waited for: 273ms, org.apache.isis.applib.services.dto.Dto_downloadXsd: #introspectUpTo( TYPE_INTROSPECTED )
2021-05-30 22:05:39.885 END: completed in: 3ms, org.apache.isis.applib.services.layout.Object_openRestApi: #introspectUpTo( TYPE_INTROSPECTED )
2021-05-30 22:05:39.886 START: workQueue.size: 0, waited for: 274ms, org.apache.isis.applib.services.bookmark.BookmarkHolder_lookup: #introspectUpTo( TYPE_INTROSPECTED )
2021-05-30 22:05:39.886 END: completed in: 4ms, org.apache.isis.viewer.wicket.viewer.services.Object_clearHints: #introspectUpTo( TYPE_INTROSPECTED )
2021-05-30 22:05:39.886 START: workQueue.size: 0, waited for: 274ms, java.lang.String: #introspectUpTo( TYPE_INTROSPECTED )
2021-05-30 22:05:39.887 END: completed in: 4ms, org.apache.isis.applib.services.bookmark.BookmarkHolder_object: #introspectUpTo( TYPE_INTROSPECTED )
2021-05-30 22:05:39.887 END: completed in: 4ms, org.apache.isis.core.metamodel.services.jdosupport.Persistable_downloadJdoMetadata: #introspectUpTo( TYPE_INTROSPECTED )
2021-05-30 22:05:39.887 START: workQueue.size: 0, waited for: 275ms, byte: #introspectUpTo( TYPE_INTROSPECTED )
2021-05-30 22:05:39.887 START: workQueue.size: 0, waited for: 275ms, java.lang.Byte: #introspectUpTo( TYPE_INTROSPECTED )
2021-05-30 22:05:39.890 END: completed in: 4ms, org.apache.isis.applib.services.bookmark.BookmarkHolder_lookup: #introspectUpTo( TYPE_INTROSPECTED )
2021-05-30 22:05:39.890 START: workQueue.size: 0, waited for: 278ms, short: #introspectUpTo( TYPE_INTROSPECTED )
2021-05-30 22:05:39.893 END: completed in: 19ms, org.apache.isis.core.metamodel.services.jdosupport.Persistable_datanucleusVersionTimestamp: #introspectUpTo( TYPE_INTROSPECTED )
2021-05-30 22:05:39.894 START: workQueue.size: 0, waited for: 282ms, java.lang.Short: #introspectUpTo( TYPE_INTROSPECTED )
2021-05-30 22:05:39.901 END: completed in: 16ms, org.apache.isis.applib.services.dto.Dto_downloadXsd: #introspectUpTo( TYPE_INTROSPECTED )
2021-05-30 22:05:39.902 START: workQueue.size: 0, waited for: 290ms, int: #introspectUpTo( TYPE_INTROSPECTED )
2021-05-30 22:05:39.912 END: completed in: 25ms, java.lang.Byte: #introspectUpTo( TYPE_INTROSPECTED )
2021-05-30 22:05:39.912 END: completed in: 25ms, byte: #introspectUpTo( TYPE_INTROSPECTED )
2021-05-30 22:05:39.912 START: workQueue.size: 0, waited for: 300ms, java.lang.Integer: #introspectUpTo( TYPE_INTROSPECTED )
2021-05-30 22:05:39.912 START: workQueue.size: 0, waited for: 300ms, long: #introspectUpTo( TYPE_INTROSPECTED )
2021-05-30 22:05:39.914 END: completed in: 1ms, long: #introspectUpTo( TYPE_INTROSPECTED )
2021-05-30 22:05:39.914 START: workQueue.size: 0, waited for: 302ms, java.lang.Long: #introspectUpTo( TYPE_INTROSPECTED )
2021-05-30 22:05:39.915 END: completed in: 13ms, int: #introspectUpTo( TYPE_INTROSPECTED )
2021-05-30 22:05:39.916 START: workQueue.size: 0, waited for: 303ms, char: #introspectUpTo( TYPE_INTROSPECTED )
2021-05-30 22:05:39.915 END: completed in: 21ms, java.lang.Short: #introspectUpTo( TYPE_INTROSPECTED )
2021-05-30 22:05:39.916 START: workQueue.size: 0, waited for: 304ms, java.lang.Character: #introspectUpTo( TYPE_INTROSPECTED )
2021-05-30 22:05:39.917 END: completed in: 2ms, char: #introspectUpTo( TYPE_INTROSPECTED )
2021-05-30 22:05:39.915 END: completed in: 25ms, short: #introspectUpTo( TYPE_INTROSPECTED )
2021-05-30 22:05:39.919 START: workQueue.size: 0, waited for: 305ms, boolean: #introspectUpTo( TYPE_INTROSPECTED )
2021-05-30 22:05:39.919 START: workQueue.size: 0, waited for: 306ms, java.lang.Boolean: #introspectUpTo( TYPE_INTROSPECTED )
2021-05-30 22:05:39.919 END: completed in: 33ms, java.lang.String: #introspectUpTo( TYPE_INTROSPECTED )
2021-05-30 22:05:39.920 START: workQueue.size: 0, waited for: 308ms, float: #introspectUpTo( TYPE_INTROSPECTED )
2021-05-30 22:05:39.920 END: completed in: 3ms, boolean: #introspectUpTo( TYPE_INTROSPECTED )
2021-05-30 22:05:39.920 START: workQueue.size: 0, waited for: 308ms, java.lang.Float: #introspectUpTo( TYPE_INTROSPECTED )
2021-05-30 22:05:39.921 END: completed in: 1ms, float: #introspectUpTo( TYPE_INTROSPECTED )
2021-05-30 22:05:39.921 START: workQueue.size: 0, waited for: 309ms, double: #introspectUpTo( TYPE_INTROSPECTED )
2021-05-30 22:05:39.922 END: completed in: 1ms, double: #introspectUpTo( TYPE_INTROSPECTED )
2021-05-30 22:05:39.923 START: workQueue.size: 0, waited for: 310ms, java.lang.Double: #introspectUpTo( TYPE_INTROSPECTED )
2021-05-30 22:05:39.934 END: completed in: 14ms, java.lang.Float: #introspectUpTo( TYPE_INTROSPECTED )
2021-05-30 22:05:39.934 START: workQueue.size: 0, waited for: 322ms, java.math.BigInteger: #introspectUpTo( TYPE_INTROSPECTED )
2021-05-30 22:05:39.934 END: completed in: 22ms, java.lang.Integer: #introspectUpTo( TYPE_INTROSPECTED )
2021-05-30 22:05:39.934 START: workQueue.size: 0, waited for: 322ms, java.math.BigDecimal: #introspectUpTo( TYPE_INTROSPECTED )
2021-05-30 22:05:39.935 END: completed in: 13ms, java.lang.Double: #introspectUpTo( TYPE_INTROSPECTED )
2021-05-30 22:05:39.935 START: workQueue.size: 0, waited for: 323ms, org.joda.time.DateTime: #introspectUpTo( TYPE_INTROSPECTED )
2021-05-30 22:05:39.941 END: completed in: 27ms, java.lang.Long: #introspectUpTo( TYPE_INTROSPECTED )
2021-05-30 22:05:39.942 START: workQueue.size: 0, waited for: 330ms, org.joda.time.LocalDateTime: #introspectUpTo( TYPE_INTROSPECTED )
2021-05-30 22:05:39.943 END: completed in: 25ms, java.lang.Boolean: #introspectUpTo( TYPE_INTROSPECTED )
2021-05-30 22:05:39.944 START: workQueue.size: 0, waited for: 332ms, org.joda.time.LocalDate: #introspectUpTo( TYPE_INTROSPECTED )
2021-05-30 22:05:39.954 END: completed in: 20ms, java.math.BigInteger: #introspectUpTo( TYPE_INTROSPECTED )
2021-05-30 22:05:39.954 START: workQueue.size: 0, waited for: 342ms, org.joda.time.LocalTime: #introspectUpTo( TYPE_INTROSPECTED )
2021-05-30 22:05:39.959 END: completed in: 25ms, java.math.BigDecimal: #introspectUpTo( TYPE_INTROSPECTED )
2021-05-30 22:05:39.959 START: workQueue.size: 0, waited for: 347ms, java.sql.Timestamp: #introspectUpTo( TYPE_INTROSPECTED )
2021-05-30 22:05:39.980 END: completed in: 21ms, java.sql.Timestamp: #introspectUpTo( TYPE_INTROSPECTED )
2021-05-30 22:05:39.980 START: workQueue.size: 0, waited for: 368ms, org.apache.isis.applib.value.Blob: #introspectUpTo( TYPE_INTROSPECTED )
2021-05-30 22:05:39.982 END: completed in: 28ms, org.joda.time.LocalTime: #introspectUpTo( TYPE_INTROSPECTED )
2021-05-30 22:05:39.982 START: workQueue.size: 0, waited for: 370ms, org.apache.isis.applib.value.Clob: #introspectUpTo( TYPE_INTROSPECTED )
2021-05-30 22:05:39.983 END: completed in: 3ms, org.apache.isis.applib.value.Blob: #introspectUpTo( TYPE_INTROSPECTED )
2021-05-30 22:05:39.984 START: workQueue.size: 0, waited for: 372ms, domainapp.modules.simple.dom.impl.SimpleObject: #introspectUpTo( TYPE_INTROSPECTED )
2021-05-30 22:05:39.986 END: completed in: 70ms, java.lang.Character: #introspectUpTo( TYPE_INTROSPECTED )
2021-05-30 22:05:39.986 START: workQueue.size: 0, waited for: 374ms, domainapp.modules.simple.dom.operador.Operador: #introspectUpTo( TYPE_INTROSPECTED )
2021-05-30 22:05:39.986 END: completed in: 4ms, org.apache.isis.applib.value.Clob: #introspectUpTo( TYPE_INTROSPECTED )
2021-05-30 22:05:39.986 START: workQueue.size: 0, waited for: 374ms, org.apache.isis.applib.fixturescripts.FixtureResult: #introspectUpTo( TYPE_INTROSPECTED )
2021-05-30 22:05:40.008 END: completed in: 22ms, org.apache.isis.applib.fixturescripts.FixtureResult: #introspectUpTo( TYPE_INTROSPECTED )
2021-05-30 22:05:40.009 START: workQueue.size: 0, waited for: 396ms, domainapp.modules.simple.dom.reclamos.Reclamo: #introspectUpTo( TYPE_INTROSPECTED )
2021-05-30 22:05:40.011 END: completed in: 67ms, org.joda.time.LocalDate: #introspectUpTo( TYPE_INTROSPECTED )
2021-05-30 22:05:40.011 START: workQueue.size: 0, waited for: 399ms, org.apache.isis.objectstore.jdo.applib.service.DomainChangeJdoAbstract: #introspectUpTo( TYPE_INTROSPECTED )
2021-05-30 22:05:40.013 END: completed in: 29ms, domainapp.modules.simple.dom.impl.SimpleObject: #introspectUpTo( TYPE_INTROSPECTED )
2021-05-30 22:05:40.013 START: workQueue.size: 0, waited for: 401ms, org.apache.isis.applib.services.config.ConfigurationProperty: #introspectUpTo( TYPE_INTROSPECTED )
2021-05-30 22:05:40.016 END: completed in: 80ms, org.joda.time.DateTime: #introspectUpTo( TYPE_INTROSPECTED )
2021-05-30 22:05:40.016 START: workQueue.size: 0, waited for: 404ms, domainapp.application.services.homepage.HomePageViewModel: #introspectUpTo( TYPE_INTROSPECTED )
2021-05-30 22:05:40.017 END: completed in: 4ms, org.apache.isis.applib.services.config.ConfigurationProperty: #introspectUpTo( TYPE_INTROSPECTED )
2021-05-30 22:05:40.017 START: workQueue.size: 0, waited for: 405ms, org.apache.isis.applib.domain.DomainObjectList: #introspectUpTo( TYPE_INTROSPECTED )
2021-05-30 22:05:40.018 END: completed in: 2ms, domainapp.application.services.homepage.HomePageViewModel: #introspectUpTo( TYPE_INTROSPECTED )
2021-05-30 22:05:40.019 START: workQueue.size: 0, waited for: 406ms, org.apache.isis.applib.fixturescripts.SimpleFixtureScript: #introspectUpTo( TYPE_INTROSPECTED )
2021-05-30 22:05:40.020 END: completed in: 12ms, domainapp.modules.simple.dom.reclamos.Reclamo: #introspectUpTo( TYPE_INTROSPECTED )
2021-05-30 22:05:40.020 START: workQueue.size: 0, waited for: 408ms, domainapp.application.fixture.scenarios.DomainAppDemo: #introspectUpTo( TYPE_INTROSPECTED )
2021-05-30 22:05:40.023 END: completed in: 37ms, domainapp.modules.simple.dom.operador.Operador: #introspectUpTo( TYPE_INTROSPECTED )
2021-05-30 22:05:40.023 START: workQueue.size: 0, waited for: 411ms, org.apache.isis.applib.fixturescripts.DiscoverableFixtureScript: #introspectUpTo( TYPE_INTROSPECTED )
2021-05-30 22:05:40.029 END: completed in: 9ms, domainapp.application.fixture.scenarios.DomainAppDemo: #introspectUpTo( TYPE_INTROSPECTED )
2021-05-30 22:05:40.029 START: workQueue.size: 0, waited for: 417ms, org.apache.isis.applib.fixturescripts.FixtureResult: #introspectUpTo( TYPE_INTROSPECTED )
2021-05-30 22:05:40.029 END: completed in: 0ms, org.apache.isis.applib.fixturescripts.FixtureResult: #introspectUpTo( TYPE_INTROSPECTED )
2021-05-30 22:05:40.029 START: workQueue.size: 0, waited for: 417ms, org.apache.isis.applib.fixturescripts.FixtureScript: #introspectUpTo( TYPE_INTROSPECTED )
2021-05-30 22:05:40.030 END: completed in: 13ms, org.apache.isis.applib.domain.DomainObjectList: #introspectUpTo( TYPE_INTROSPECTED )
2021-05-30 22:05:40.030 START: workQueue.size: 0, waited for: 418ms, org.apache.isis.applib.fixturescripts.SimpleFixtureScript: #introspectUpTo( TYPE_INTROSPECTED )
2021-05-30 22:05:40.030 END: completed in: 0ms, org.apache.isis.applib.fixturescripts.SimpleFixtureScript: #introspectUpTo( TYPE_INTROSPECTED )
2021-05-30 22:05:40.033 END: completed in: 9ms, org.apache.isis.applib.fixturescripts.DiscoverableFixtureScript: #introspectUpTo( TYPE_INTROSPECTED )
2021-05-30 22:05:40.038 END: completed in: 20ms, org.apache.isis.applib.fixturescripts.SimpleFixtureScript: #introspectUpTo( TYPE_INTROSPECTED )
2021-05-30 22:05:40.040 END: completed in: 97ms, org.joda.time.LocalDateTime: #introspectUpTo( TYPE_INTROSPECTED )
2021-05-30 22:05:40.040 END: completed in: 29ms, org.apache.isis.objectstore.jdo.applib.service.DomainChangeJdoAbstract: #introspectUpTo( TYPE_INTROSPECTED )
2021-05-30 22:05:40.042 END: completed in: 13ms, org.apache.isis.applib.fixturescripts.FixtureScript: #introspectUpTo( TYPE_INTROSPECTED )
2021-05-30 22:05:40.042 join'ing 153 tasks: waited 0 milliseconds 
2021-05-30 22:05:40.043 START: workQueue.size: 0, waited for: 0ms, org.apache.isis.core.runtime.system.session.IsisSessionFactory: #introspectUpTo( TYPE_AND_MEMBERS_INTROSPECTED )
2021-05-30 22:05:40.043 START: workQueue.size: 0, waited for: 1ms, org.apache.isis.core.runtime.system.persistence.PersistenceSessionFactory: #introspectUpTo( TYPE_AND_MEMBERS_INTROSPECTED )
2021-05-30 22:05:40.043 START: workQueue.size: 0, waited for: 1ms, org.apache.isis.core.metamodel.specloader.SpecificationLoader: #introspectUpTo( TYPE_AND_MEMBERS_INTROSPECTED )
2021-05-30 22:05:40.043 START: workQueue.size: 0, waited for: 1ms, org.apache.isis.core.runtime.authorization.standard.AuthorizationManagerStandard: #introspectUpTo( TYPE_AND_MEMBERS_INTROSPECTED )
2021-05-30 22:05:40.043 START: workQueue.size: 0, waited for: 1ms, org.apache.isis.core.runtime.authentication.standard.AuthenticationManagerStandard: #introspectUpTo( TYPE_AND_MEMBERS_INTROSPECTED )
2021-05-30 22:05:40.043 START: workQueue.size: 0, waited for: 1ms, org.apache.isis.core.commons.config.IsisConfigurationDefault: #introspectUpTo( TYPE_AND_MEMBERS_INTROSPECTED )
2021-05-30 22:05:40.057 END: completed in: 14ms, org.apache.isis.core.metamodel.specloader.SpecificationLoader: #introspectUpTo( TYPE_AND_MEMBERS_INTROSPECTED )
2021-05-30 22:05:40.057 END: completed in: 14ms, org.apache.isis.core.runtime.system.persistence.PersistenceSessionFactory: #introspectUpTo( TYPE_AND_MEMBERS_INTROSPECTED )
2021-05-30 22:05:40.057 START: workQueue.size: 0, waited for: 15ms, org.apache.isis.core.runtime.services.deplcat.DeploymentCategoryProviderDefault: #introspectUpTo( TYPE_AND_MEMBERS_INTROSPECTED )
2021-05-30 22:05:40.057 START: workQueue.size: 0, waited for: 15ms, org.apache.isis.objectstore.jdo.datanucleus.service.eventbus.EventBusServiceJdo: #introspectUpTo( TYPE_AND_MEMBERS_INTROSPECTED )
2021-05-30 22:05:40.058 END: completed in: 1ms, org.apache.isis.core.runtime.services.deplcat.DeploymentCategoryProviderDefault: #introspectUpTo( TYPE_AND_MEMBERS_INTROSPECTED )
2021-05-30 22:05:40.057 END: completed in: 14ms, org.apache.isis.core.commons.config.IsisConfigurationDefault: #introspectUpTo( TYPE_AND_MEMBERS_INTROSPECTED )
2021-05-30 22:05:40.058 START: workQueue.size: 0, waited for: 16ms, domainapp.modules.simple.dom.impl.SimpleObjects: #introspectUpTo( TYPE_AND_MEMBERS_INTROSPECTED )
2021-05-30 22:05:40.058 END: completed in: 15ms, org.apache.isis.core.runtime.authentication.standard.AuthenticationManagerStandard: #introspectUpTo( TYPE_AND_MEMBERS_INTROSPECTED )
2021-05-30 22:05:40.058 START: workQueue.size: 0, waited for: 16ms, domainapp.modules.simple.dom.operador.OperadorRepositorio: #introspectUpTo( TYPE_AND_MEMBERS_INTROSPECTED )
2021-05-30 22:05:40.058 START: workQueue.size: 0, waited for: 16ms, org.apache.isis.applib.services.queryresultscache.QueryResultsCache$Control: #introspectUpTo( TYPE_AND_MEMBERS_INTROSPECTED )
2021-05-30 22:05:40.058 END: completed in: 1ms, org.apache.isis.objectstore.jdo.datanucleus.service.eventbus.EventBusServiceJdo: #introspectUpTo( TYPE_AND_MEMBERS_INTROSPECTED )
2021-05-30 22:05:40.058 START: workQueue.size: 0, waited for: 16ms, domainapp.modules.simple.dom.reclamos.ReclamoMenu: #introspectUpTo( TYPE_AND_MEMBERS_INTROSPECTED )
2021-05-30 22:05:40.058 END: completed in: 0ms, org.apache.isis.applib.services.queryresultscache.QueryResultsCache$Control: #introspectUpTo( TYPE_AND_MEMBERS_INTROSPECTED )
2021-05-30 22:05:40.059 START: workQueue.size: 0, waited for: 17ms, org.apache.isis.applib.services.fixturespec.FixtureScriptsDefault: #introspectUpTo( TYPE_AND_MEMBERS_INTROSPECTED )
2021-05-30 22:05:40.057 END: completed in: 15ms, org.apache.isis.core.runtime.system.session.IsisSessionFactory: #introspectUpTo( TYPE_AND_MEMBERS_INTROSPECTED )
2021-05-30 22:05:40.058 END: completed in: 15ms, org.apache.isis.core.runtime.authorization.standard.AuthorizationManagerStandard: #introspectUpTo( TYPE_AND_MEMBERS_INTROSPECTED )
2021-05-30 22:05:40.063 START: workQueue.size: 0, waited for: 21ms, org.apache.isis.applib.services.metamodel.MetaModelServicesMenu: #introspectUpTo( TYPE_AND_MEMBERS_INTROSPECTED )
2021-05-30 22:05:40.063 START: workQueue.size: 0, waited for: 21ms, org.apache.isis.applib.services.layout.LayoutServiceMenu: #introspectUpTo( TYPE_AND_MEMBERS_INTROSPECTED )
2021-05-30 22:05:40.168 END: completed in: 105ms, org.apache.isis.applib.services.layout.LayoutServiceMenu: #introspectUpTo( TYPE_AND_MEMBERS_INTROSPECTED )
2021-05-30 22:05:40.168 END: completed in: 110ms, domainapp.modules.simple.dom.operador.OperadorRepositorio: #introspectUpTo( TYPE_AND_MEMBERS_INTROSPECTED )
2021-05-30 22:05:40.168 START: workQueue.size: 0, waited for: 126ms, org.apache.isis.applib.services.swagger.SwaggerServiceMenu: #introspectUpTo( TYPE_AND_MEMBERS_INTROSPECTED )
2021-05-30 22:05:40.169 START: workQueue.size: 0, waited for: 126ms, org.apache.isis.core.runtime.services.i18n.po.TranslationServicePoMenu: #introspectUpTo( TYPE_AND_MEMBERS_INTROSPECTED )
2021-05-30 22:05:40.169 END: completed in: 106ms, org.apache.isis.applib.services.metamodel.MetaModelServicesMenu: #introspectUpTo( TYPE_AND_MEMBERS_INTROSPECTED )
2021-05-30 22:05:40.169 START: workQueue.size: 0, waited for: 127ms, org.apache.isis.applib.services.hsqldb.HsqlDbManagerMenu: #introspectUpTo( TYPE_AND_MEMBERS_INTROSPECTED )
2021-05-30 22:05:40.170 END: completed in: 112ms, domainapp.modules.simple.dom.impl.SimpleObjects: #introspectUpTo( TYPE_AND_MEMBERS_INTROSPECTED )
2021-05-30 22:05:40.170 START: workQueue.size: 0, waited for: 128ms, org.apache.isis.applib.services.config.ConfigurationServiceMenu: #introspectUpTo( TYPE_AND_MEMBERS_INTROSPECTED )
2021-05-30 22:05:40.180 END: completed in: 11ms, org.apache.isis.applib.services.hsqldb.HsqlDbManagerMenu: #introspectUpTo( TYPE_AND_MEMBERS_INTROSPECTED )
2021-05-30 22:05:40.180 END: completed in: 10ms, org.apache.isis.applib.services.config.ConfigurationServiceMenu: #introspectUpTo( TYPE_AND_MEMBERS_INTROSPECTED )
2021-05-30 22:05:40.180 START: workQueue.size: 0, waited for: 138ms, org.apache.isis.applib.conmap.ContentMappingServiceForCommandDto$CopyOverFromCommand: #introspectUpTo( TYPE_AND_MEMBERS_INTROSPECTED )
2021-05-30 22:05:40.180 START: workQueue.size: 0, waited for: 138ms, domainapp.application.fixture.DomainAppFixtureScriptsSpecificationProvider: #introspectUpTo( TYPE_AND_MEMBERS_INTROSPECTED )
2021-05-30 22:05:40.181 END: completed in: 121ms, org.apache.isis.applib.services.fixturespec.FixtureScriptsDefault: #introspectUpTo( TYPE_AND_MEMBERS_INTROSPECTED )
2021-05-30 22:05:40.181 END: completed in: 1ms, org.apache.isis.applib.conmap.ContentMappingServiceForCommandDto$CopyOverFromCommand: #introspectUpTo( TYPE_AND_MEMBERS_INTROSPECTED )
2021-05-30 22:05:40.181 START: workQueue.size: 0, waited for: 139ms, domainapp.application.services.homepage.HomePageService: #introspectUpTo( TYPE_AND_MEMBERS_INTROSPECTED )
2021-05-30 22:05:40.181 END: completed in: 1ms, domainapp.application.fixture.DomainAppFixtureScriptsSpecificationProvider: #introspectUpTo( TYPE_AND_MEMBERS_INTROSPECTED )
2021-05-30 22:05:40.182 START: workQueue.size: 0, waited for: 140ms, domainapp.modules.simple.dom.reclamos.ReclamoRepositorio: #introspectUpTo( TYPE_AND_MEMBERS_INTROSPECTED )
2021-05-30 22:05:40.182 END: completed in: 0ms, domainapp.modules.simple.dom.reclamos.ReclamoRepositorio: #introspectUpTo( TYPE_AND_MEMBERS_INTROSPECTED )
2021-05-30 22:05:40.182 START: workQueue.size: 0, waited for: 140ms, org.apache.isis.applib.services.dto.DtoMappingHelper: #introspectUpTo( TYPE_AND_MEMBERS_INTROSPECTED )
2021-05-30 22:05:40.182 END: completed in: 0ms, org.apache.isis.applib.services.dto.DtoMappingHelper: #introspectUpTo( TYPE_AND_MEMBERS_INTROSPECTED )
2021-05-30 22:05:40.182 START: workQueue.size: 0, waited for: 140ms, org.apache.isis.core.runtime.services.background.CommandExecutorServiceDefault: #introspectUpTo( TYPE_AND_MEMBERS_INTROSPECTED )
2021-05-30 22:05:40.183 END: completed in: 1ms, org.apache.isis.core.runtime.services.background.CommandExecutorServiceDefault: #introspectUpTo( TYPE_AND_MEMBERS_INTROSPECTED )
2021-05-30 22:05:40.183 START: workQueue.size: 0, waited for: 141ms, org.apache.isis.core.runtime.services.menubars.MenuBarsLoaderServiceDefault: #introspectUpTo( TYPE_AND_MEMBERS_INTROSPECTED )
2021-05-30 22:05:40.183 END: completed in: 0ms, org.apache.isis.core.runtime.services.menubars.MenuBarsLoaderServiceDefault: #introspectUpTo( TYPE_AND_MEMBERS_INTROSPECTED )
2021-05-30 22:05:40.183 START: workQueue.size: 0, waited for: 141ms, org.apache.isis.core.runtime.services.menubars.bootstrap3.MenuBarsServiceBS3: #introspectUpTo( TYPE_AND_MEMBERS_INTROSPECTED )
2021-05-30 22:05:40.183 END: completed in: 0ms, org.apache.isis.core.runtime.services.menubars.bootstrap3.MenuBarsServiceBS3: #introspectUpTo( TYPE_AND_MEMBERS_INTROSPECTED )
2021-05-30 22:05:40.184 START: workQueue.size: 0, waited for: 141ms, org.apache.isis.core.runtime.services.userprof.UserProfileServiceDefault: #introspectUpTo( TYPE_AND_MEMBERS_INTROSPECTED )
2021-05-30 22:05:40.184 END: completed in: 1ms, org.apache.isis.core.runtime.services.userprof.UserProfileServiceDefault: #introspectUpTo( TYPE_AND_MEMBERS_INTROSPECTED )
2021-05-30 22:05:40.184 START: workQueue.size: 0, waited for: 142ms, org.apache.isis.viewer.restfulobjects.rendering.service.conneg.ContentNegotiationServiceXRoDomainType: #introspectUpTo( TYPE_AND_MEMBERS_INTROSPECTED )
2021-05-30 22:05:40.184 END: completed in: 0ms, org.apache.isis.viewer.restfulobjects.rendering.service.conneg.ContentNegotiationServiceXRoDomainType: #introspectUpTo( TYPE_AND_MEMBERS_INTROSPECTED )
2021-05-30 22:05:40.184 START: workQueue.size: 0, waited for: 142ms, org.apache.isis.viewer.restfulobjects.rendering.service.conneg.ContentNegotiationServiceOrgApacheIsisV1: #introspectUpTo( TYPE_AND_MEMBERS_INTROSPECTED )
2021-05-30 22:05:40.184 END: completed in: 0ms, org.apache.isis.viewer.restfulobjects.rendering.service.conneg.ContentNegotiationServiceOrgApacheIsisV1: #introspectUpTo( TYPE_AND_MEMBERS_INTROSPECTED )
2021-05-30 22:05:40.185 START: workQueue.size: 0, waited for: 142ms, org.apache.isis.core.runtime.services.message.MessageServiceDefault: #introspectUpTo( TYPE_AND_MEMBERS_INTROSPECTED )
2021-05-30 22:05:40.181 START: workQueue.size: 0, waited for: 139ms, domainapp.application.services.health.HealthCheckServiceImpl: #introspectUpTo( TYPE_AND_MEMBERS_INTROSPECTED )
2021-05-30 22:05:40.185 END: completed in: 4ms, domainapp.application.services.health.HealthCheckServiceImpl: #introspectUpTo( TYPE_AND_MEMBERS_INTROSPECTED )
2021-05-30 22:05:40.185 START: workQueue.size: 0, waited for: 143ms, org.apache.isis.core.runtime.services.persistsession.PersistenceSessionServiceInternalDefault: #introspectUpTo( TYPE_AND_MEMBERS_INTROSPECTED )
2021-05-30 22:05:40.185 END: completed in: 0ms, org.apache.isis.core.runtime.services.persistsession.PersistenceSessionServiceInternalDefault: #introspectUpTo( TYPE_AND_MEMBERS_INTROSPECTED )
2021-05-30 22:05:40.186 START: workQueue.size: 0, waited for: 144ms, org.apache.isis.applib.annotation.Bulk$InteractionContext: #introspectUpTo( TYPE_AND_MEMBERS_INTROSPECTED )
2021-05-30 22:05:40.186 END: completed in: 0ms, org.apache.isis.applib.annotation.Bulk$InteractionContext: #introspectUpTo( TYPE_AND_MEMBERS_INTROSPECTED )
2021-05-30 22:05:40.186 START: workQueue.size: 0, waited for: 144ms, org.apache.isis.applib.conmap.ContentMappingServiceForCommandDto: #introspectUpTo( TYPE_AND_MEMBERS_INTROSPECTED )
2021-05-30 22:05:40.186 END: completed in: 0ms, org.apache.isis.applib.conmap.ContentMappingServiceForCommandDto: #introspectUpTo( TYPE_AND_MEMBERS_INTROSPECTED )
2021-05-30 22:05:40.186 START: workQueue.size: 0, waited for: 144ms, org.apache.isis.applib.conmap.ContentMappingServiceForCommandsDto: #introspectUpTo( TYPE_AND_MEMBERS_INTROSPECTED )
2021-05-30 22:05:40.187 END: completed in: 1ms, org.apache.isis.applib.conmap.ContentMappingServiceForCommandsDto: #introspectUpTo( TYPE_AND_MEMBERS_INTROSPECTED )
2021-05-30 22:05:40.187 START: workQueue.size: 0, waited for: 145ms, org.apache.isis.applib.fixturescripts.ExecutionParametersService: #introspectUpTo( TYPE_AND_MEMBERS_INTROSPECTED )
2021-05-30 22:05:40.187 END: completed in: 0ms, org.apache.isis.applib.fixturescripts.ExecutionParametersService: #introspectUpTo( TYPE_AND_MEMBERS_INTROSPECTED )
2021-05-30 22:05:40.187 START: workQueue.size: 0, waited for: 145ms, org.apache.isis.applib.services.actinvoc.ActionInvocationContext: #introspectUpTo( TYPE_AND_MEMBERS_INTROSPECTED )
2021-05-30 22:05:40.187 END: completed in: 0ms, org.apache.isis.applib.services.actinvoc.ActionInvocationContext: #introspectUpTo( TYPE_AND_MEMBERS_INTROSPECTED )
2021-05-30 22:05:40.187 START: workQueue.size: 0, waited for: 145ms, org.apache.isis.applib.services.audit.AuditerServiceLogging: #introspectUpTo( TYPE_AND_MEMBERS_INTROSPECTED )
2021-05-30 22:05:40.188 END: completed in: 1ms, org.apache.isis.applib.services.audit.AuditerServiceLogging: #introspectUpTo( TYPE_AND_MEMBERS_INTROSPECTED )
2021-05-30 22:05:40.188 START: workQueue.size: 0, waited for: 146ms, org.apache.isis.applib.services.classdiscovery.ClassDiscoveryServiceUsingReflections: #introspectUpTo( TYPE_AND_MEMBERS_INTROSPECTED )
2021-05-30 22:05:40.185 END: completed in: 1ms, org.apache.isis.core.runtime.services.message.MessageServiceDefault: #introspectUpTo( TYPE_AND_MEMBERS_INTROSPECTED )
2021-05-30 22:05:40.188 START: workQueue.size: 0, waited for: 146ms, org.apache.isis.applib.services.clock.ClockService: #introspectUpTo( TYPE_AND_MEMBERS_INTROSPECTED )
2021-05-30 22:05:40.188 END: completed in: 0ms, org.apache.isis.applib.services.clock.ClockService: #introspectUpTo( TYPE_AND_MEMBERS_INTROSPECTED )
2021-05-30 22:05:40.188 START: workQueue.size: 0, waited for: 146ms, org.apache.isis.applib.services.command.CommandContext: #introspectUpTo( TYPE_AND_MEMBERS_INTROSPECTED )
2021-05-30 22:05:40.189 END: completed in: 1ms, org.apache.isis.applib.services.command.CommandContext: #introspectUpTo( TYPE_AND_MEMBERS_INTROSPECTED )
2021-05-30 22:05:40.189 START: workQueue.size: 0, waited for: 147ms, org.apache.isis.applib.services.iactn.InteractionContext: #introspectUpTo( TYPE_AND_MEMBERS_INTROSPECTED )
2021-05-30 22:05:40.188 END: completed in: 0ms, org.apache.isis.applib.services.classdiscovery.ClassDiscoveryServiceUsingReflections: #introspectUpTo( TYPE_AND_MEMBERS_INTROSPECTED )
2021-05-30 22:05:40.186 END: completed in: 18ms, org.apache.isis.core.runtime.services.i18n.po.TranslationServicePoMenu: #introspectUpTo( TYPE_AND_MEMBERS_INTROSPECTED )
2021-05-30 22:05:40.189 START: workQueue.size: 0, waited for: 147ms, org.apache.isis.applib.services.publish.PublisherServiceLogging: #introspectUpTo( TYPE_AND_MEMBERS_INTROSPECTED )
2021-05-30 22:05:40.189 START: workQueue.size: 0, waited for: 147ms, org.apache.isis.applib.services.queryresultscache.QueryResultsCache: #introspectUpTo( TYPE_AND_MEMBERS_INTROSPECTED )
2021-05-30 22:05:40.189 END: completed in: 0ms, org.apache.isis.applib.services.publish.PublisherServiceLogging: #introspectUpTo( TYPE_AND_MEMBERS_INTROSPECTED )
2021-05-30 22:05:40.189 END: completed in: 0ms, org.apache.isis.applib.services.queryresultscache.QueryResultsCache: #introspectUpTo( TYPE_AND_MEMBERS_INTROSPECTED )
2021-05-30 22:05:40.190 START: workQueue.size: 0, waited for: 148ms, org.apache.isis.applib.services.scratchpad.Scratchpad: #introspectUpTo( TYPE_AND_MEMBERS_INTROSPECTED )
2021-05-30 22:05:40.190 END: completed in: 0ms, org.apache.isis.applib.services.scratchpad.Scratchpad: #introspectUpTo( TYPE_AND_MEMBERS_INTROSPECTED )
2021-05-30 22:05:40.190 START: workQueue.size: 0, waited for: 148ms, org.apache.isis.applib.services.tablecol.TableColumnOrderService$Default: #introspectUpTo( TYPE_AND_MEMBERS_INTROSPECTED )
2021-05-30 22:05:40.190 END: completed in: 0ms, org.apache.isis.applib.services.tablecol.TableColumnOrderService$Default: #introspectUpTo( TYPE_AND_MEMBERS_INTROSPECTED )
2021-05-30 22:05:40.190 START: workQueue.size: 0, waited for: 148ms, org.apache.isis.applib.services.urlencoding.UrlEncodingServiceUsingBaseEncoding: #introspectUpTo( TYPE_AND_MEMBERS_INTROSPECTED )
2021-05-30 22:05:40.191 END: completed in: 1ms, org.apache.isis.applib.services.urlencoding.UrlEncodingServiceUsingBaseEncoding: #introspectUpTo( TYPE_AND_MEMBERS_INTROSPECTED )
2021-05-30 22:05:40.191 START: workQueue.size: 0, waited for: 149ms, org.apache.isis.core.metamodel.services.appfeat.ApplicationFeatureFactory: #introspectUpTo( TYPE_AND_MEMBERS_INTROSPECTED )
2021-05-30 22:05:40.191 END: completed in: 0ms, org.apache.isis.core.metamodel.services.appfeat.ApplicationFeatureFactory: #introspectUpTo( TYPE_AND_MEMBERS_INTROSPECTED )
2021-05-30 22:05:40.191 START: workQueue.size: 0, waited for: 149ms, org.apache.isis.core.metamodel.services.appfeat.ApplicationFeatureRepositoryDefault: #introspectUpTo( TYPE_AND_MEMBERS_INTROSPECTED )
2021-05-30 22:05:40.191 END: completed in: 0ms, org.apache.isis.core.metamodel.services.appfeat.ApplicationFeatureRepositoryDefault: #introspectUpTo( TYPE_AND_MEMBERS_INTROSPECTED )
2021-05-30 22:05:40.191 START: workQueue.size: 0, waited for: 149ms, org.apache.isis.core.metamodel.services.bookmarks.BookmarkServiceInternalDefault: #introspectUpTo( TYPE_AND_MEMBERS_INTROSPECTED )
2021-05-30 22:05:40.191 END: completed in: 0ms, org.apache.isis.core.metamodel.services.bookmarks.BookmarkServiceInternalDefault: #introspectUpTo( TYPE_AND_MEMBERS_INTROSPECTED )
2021-05-30 22:05:40.192 START: workQueue.size: 0, waited for: 149ms, org.apache.isis.core.metamodel.services.config.ConfigurationServiceDefault: #introspectUpTo( TYPE_AND_MEMBERS_INTROSPECTED )
2021-05-30 22:05:40.192 END: completed in: 1ms, org.apache.isis.core.metamodel.services.config.ConfigurationServiceDefault: #introspectUpTo( TYPE_AND_MEMBERS_INTROSPECTED )
2021-05-30 22:05:40.192 START: workQueue.size: 0, waited for: 150ms, org.apache.isis.core.metamodel.services.container.DomainObjectContainerDefault: #introspectUpTo( TYPE_AND_MEMBERS_INTROSPECTED )
2021-05-30 22:05:40.192 END: completed in: 0ms, org.apache.isis.core.metamodel.services.container.DomainObjectContainerDefault: #introspectUpTo( TYPE_AND_MEMBERS_INTROSPECTED )
2021-05-30 22:05:40.192 START: workQueue.size: 0, waited for: 150ms, org.apache.isis.core.metamodel.services.factory.FactoryServiceInternalDefault: #introspectUpTo( TYPE_AND_MEMBERS_INTROSPECTED )
2021-05-30 22:05:40.189 END: completed in: 0ms, org.apache.isis.applib.services.iactn.InteractionContext: #introspectUpTo( TYPE_AND_MEMBERS_INTROSPECTED )
2021-05-30 22:05:40.192 END: completed in: 0ms, org.apache.isis.core.metamodel.services.factory.FactoryServiceInternalDefault: #introspectUpTo( TYPE_AND_MEMBERS_INTROSPECTED )
2021-05-30 22:05:40.189 START: workQueue.size: 0, waited for: 147ms, org.apache.isis.applib.services.routing.RoutingServiceDefault: #introspectUpTo( TYPE_AND_MEMBERS_INTROSPECTED )
2021-05-30 22:05:40.192 START: workQueue.size: 0, waited for: 150ms, org.apache.isis.core.metamodel.services.grid.GridServiceDefault: #introspectUpTo( TYPE_AND_MEMBERS_INTROSPECTED )
2021-05-30 22:05:40.192 END: completed in: 3ms, org.apache.isis.applib.services.routing.RoutingServiceDefault: #introspectUpTo( TYPE_AND_MEMBERS_INTROSPECTED )
2021-05-30 22:05:40.193 END: completed in: 0ms, org.apache.isis.core.metamodel.services.grid.GridServiceDefault: #introspectUpTo( TYPE_AND_MEMBERS_INTROSPECTED )
2021-05-30 22:05:40.193 START: workQueue.size: 0, waited for: 151ms, org.apache.isis.core.metamodel.services.layout.LayoutServiceDefault: #introspectUpTo( TYPE_AND_MEMBERS_INTROSPECTED )
2021-05-30 22:05:40.193 END: completed in: 0ms, org.apache.isis.core.metamodel.services.layout.LayoutServiceDefault: #introspectUpTo( TYPE_AND_MEMBERS_INTROSPECTED )
2021-05-30 22:05:40.193 START: workQueue.size: 0, waited for: 151ms, org.apache.isis.core.metamodel.services.message.MessageServiceNoop: #introspectUpTo( TYPE_AND_MEMBERS_INTROSPECTED )
2021-05-30 22:05:40.193 END: completed in: 0ms, org.apache.isis.core.metamodel.services.message.MessageServiceNoop: #introspectUpTo( TYPE_AND_MEMBERS_INTROSPECTED )
2021-05-30 22:05:40.193 START: workQueue.size: 0, waited for: 151ms, org.apache.isis.core.metamodel.services.metamodel.MetaModelServiceDefault: #introspectUpTo( TYPE_AND_MEMBERS_INTROSPECTED )
2021-05-30 22:05:40.193 END: completed in: 0ms, org.apache.isis.core.metamodel.services.metamodel.MetaModelServiceDefault: #introspectUpTo( TYPE_AND_MEMBERS_INTROSPECTED )
2021-05-30 22:05:40.194 START: workQueue.size: 0, waited for: 152ms, org.apache.isis.core.metamodel.services.persistsession.PersistenceSessionServiceInternalNoop: #introspectUpTo( TYPE_AND_MEMBERS_INTROSPECTED )
2021-05-30 22:05:40.194 END: completed in: 0ms, org.apache.isis.core.metamodel.services.persistsession.PersistenceSessionServiceInternalNoop: #introspectUpTo( TYPE_AND_MEMBERS_INTROSPECTED )
2021-05-30 22:05:40.194 START: workQueue.size: 0, waited for: 152ms, org.apache.isis.core.metamodel.services.registry.ServiceRegistryDefault: #introspectUpTo( TYPE_AND_MEMBERS_INTROSPECTED )
2021-05-30 22:05:40.194 END: completed in: 0ms, org.apache.isis.core.metamodel.services.registry.ServiceRegistryDefault: #introspectUpTo( TYPE_AND_MEMBERS_INTROSPECTED )
2021-05-30 22:05:40.194 START: workQueue.size: 0, waited for: 152ms, org.apache.isis.core.metamodel.services.repository.RepositoryServiceInternalDefault: #introspectUpTo( TYPE_AND_MEMBERS_INTROSPECTED )
2021-05-30 22:05:40.194 END: completed in: 136ms, domainapp.modules.simple.dom.reclamos.ReclamoMenu: #introspectUpTo( TYPE_AND_MEMBERS_INTROSPECTED )
2021-05-30 22:05:40.194 END: completed in: 0ms, org.apache.isis.core.metamodel.services.repository.RepositoryServiceInternalDefault: #introspectUpTo( TYPE_AND_MEMBERS_INTROSPECTED )
2021-05-30 22:05:40.195 START: workQueue.size: 0, waited for: 152ms, org.apache.isis.core.metamodel.services.title.TitleServiceDefault: #introspectUpTo( TYPE_AND_MEMBERS_INTROSPECTED )
2021-05-30 22:05:40.195 END: completed in: 1ms, org.apache.isis.core.metamodel.services.title.TitleServiceDefault: #introspectUpTo( TYPE_AND_MEMBERS_INTROSPECTED )
2021-05-30 22:05:40.195 START: workQueue.size: 0, waited for: 153ms, org.apache.isis.core.metamodel.services.user.UserServiceDefault: #introspectUpTo( TYPE_AND_MEMBERS_INTROSPECTED )
2021-05-30 22:05:40.195 END: completed in: 0ms, org.apache.isis.core.metamodel.services.user.UserServiceDefault: #introspectUpTo( TYPE_AND_MEMBERS_INTROSPECTED )
2021-05-30 22:05:40.195 START: workQueue.size: 0, waited for: 153ms, org.apache.isis.core.metamodel.services.user.UserServiceDefault$SudoServiceSpi: #introspectUpTo( TYPE_AND_MEMBERS_INTROSPECTED )
2021-05-30 22:05:40.195 END: completed in: 0ms, org.apache.isis.core.metamodel.services.user.UserServiceDefault$SudoServiceSpi: #introspectUpTo( TYPE_AND_MEMBERS_INTROSPECTED )
2021-05-30 22:05:40.196 START: workQueue.size: 0, waited for: 154ms, org.apache.isis.core.metamodel.services.xactn.TransactionServiceDefault: #introspectUpTo( TYPE_AND_MEMBERS_INTROSPECTED )
2021-05-30 22:05:40.196 END: completed in: 0ms, org.apache.isis.core.metamodel.services.xactn.TransactionServiceDefault: #introspectUpTo( TYPE_AND_MEMBERS_INTROSPECTED )
2021-05-30 22:05:40.196 START: workQueue.size: 0, waited for: 154ms, org.apache.isis.core.runtime.services.auditing.AuditingServiceInternal: #introspectUpTo( TYPE_AND_MEMBERS_INTROSPECTED )
2021-05-30 22:05:40.192 START: workQueue.size: 0, waited for: 150ms, org.apache.isis.core.metamodel.services.grid.GridLoaderServiceDefault: #introspectUpTo( TYPE_AND_MEMBERS_INTROSPECTED )
2021-05-30 22:05:40.196 END: completed in: 0ms, org.apache.isis.core.runtime.services.auditing.AuditingServiceInternal: #introspectUpTo( TYPE_AND_MEMBERS_INTROSPECTED )
2021-05-30 22:05:40.196 START: workQueue.size: 0, waited for: 154ms, org.apache.isis.core.runtime.services.authsess.AuthenticationSessionProviderDefault: #introspectUpTo( TYPE_AND_MEMBERS_INTROSPECTED )
2021-05-30 22:05:40.196 END: completed in: 4ms, org.apache.isis.core.metamodel.services.grid.GridLoaderServiceDefault: #introspectUpTo( TYPE_AND_MEMBERS_INTROSPECTED )
2021-05-30 22:05:40.196 START: workQueue.size: 0, waited for: 154ms, org.apache.isis.core.runtime.services.background.BackgroundServiceDefault: #introspectUpTo( TYPE_AND_MEMBERS_INTROSPECTED )
2021-05-30 22:05:40.196 END: completed in: 0ms, org.apache.isis.core.runtime.services.authsess.AuthenticationSessionProviderDefault: #introspectUpTo( TYPE_AND_MEMBERS_INTROSPECTED )
2021-05-30 22:05:40.197 START: workQueue.size: 0, waited for: 155ms, org.apache.isis.core.runtime.services.changes.ChangedObjectsServiceInternal: #introspectUpTo( TYPE_AND_MEMBERS_INTROSPECTED )
2021-05-30 22:05:40.194 START: workQueue.size: 0, waited for: 152ms, org.apache.isis.core.metamodel.services.swagger.SwaggerServiceDefault: #introspectUpTo( TYPE_AND_MEMBERS_INTROSPECTED )
2021-05-30 22:05:40.193 START: workQueue.size: 0, waited for: 151ms, org.apache.isis.core.metamodel.services.grid.bootstrap3.GridSystemServiceBS3: #introspectUpTo( TYPE_AND_MEMBERS_INTROSPECTED )
2021-05-30 22:05:40.192 END: completed in: 11ms, domainapp.application.services.homepage.HomePageService: #introspectUpTo( TYPE_AND_MEMBERS_INTROSPECTED )
2021-05-30 22:05:40.197 END: completed in: 0ms, org.apache.isis.core.runtime.services.changes.ChangedObjectsServiceInternal: #introspectUpTo( TYPE_AND_MEMBERS_INTROSPECTED )
2021-05-30 22:05:40.197 END: completed in: 1ms, org.apache.isis.core.runtime.services.background.BackgroundServiceDefault: #introspectUpTo( TYPE_AND_MEMBERS_INTROSPECTED )
2021-05-30 22:05:40.197 END: completed in: 4ms, org.apache.isis.core.metamodel.services.grid.bootstrap3.GridSystemServiceBS3: #introspectUpTo( TYPE_AND_MEMBERS_INTROSPECTED )
2021-05-30 22:05:40.197 START: workQueue.size: 0, waited for: 155ms, org.apache.isis.core.runtime.services.command.CommandServiceDefault: #introspectUpTo( TYPE_AND_MEMBERS_INTROSPECTED )
2021-05-30 22:05:40.197 START: workQueue.size: 0, waited for: 155ms, org.apache.isis.core.runtime.services.homepage.HomePageProviderServiceDefault: #introspectUpTo( TYPE_AND_MEMBERS_INTROSPECTED )
2021-05-30 22:05:40.197 START: workQueue.size: 0, waited for: 155ms, org.apache.isis.core.runtime.services.command.CommandDtoServiceInternalDefault: #introspectUpTo( TYPE_AND_MEMBERS_INTROSPECTED )
2021-05-30 22:05:40.197 END: completed in: 0ms, org.apache.isis.core.runtime.services.command.CommandServiceDefault: #introspectUpTo( TYPE_AND_MEMBERS_INTROSPECTED )
2021-05-30 22:05:40.197 END: completed in: 0ms, org.apache.isis.core.runtime.services.homepage.HomePageProviderServiceDefault: #introspectUpTo( TYPE_AND_MEMBERS_INTROSPECTED )
2021-05-30 22:05:40.197 END: completed in: 3ms, org.apache.isis.core.metamodel.services.swagger.SwaggerServiceDefault: #introspectUpTo( TYPE_AND_MEMBERS_INTROSPECTED )
2021-05-30 22:05:40.197 START: workQueue.size: 0, waited for: 155ms, org.apache.isis.core.runtime.services.ixn.InteractionDtoServiceInternalDefault: #introspectUpTo( TYPE_AND_MEMBERS_INTROSPECTED )
2021-05-30 22:05:40.197 END: completed in: 0ms, org.apache.isis.core.runtime.services.command.CommandDtoServiceInternalDefault: #introspectUpTo( TYPE_AND_MEMBERS_INTROSPECTED )
2021-05-30 22:05:40.197 START: workQueue.size: 0, waited for: 155ms, org.apache.isis.core.runtime.services.i18n.po.TranslationServicePo: #introspectUpTo( TYPE_AND_MEMBERS_INTROSPECTED )
2021-05-30 22:05:40.197 END: completed in: 29ms, org.apache.isis.applib.services.swagger.SwaggerServiceMenu: #introspectUpTo( TYPE_AND_MEMBERS_INTROSPECTED )
2021-05-30 22:05:40.197 START: workQueue.size: 0, waited for: 155ms, org.apache.isis.core.runtime.services.email.EmailServiceDefault: #introspectUpTo( TYPE_AND_MEMBERS_INTROSPECTED )
2021-05-30 22:05:40.198 END: completed in: 1ms, org.apache.isis.core.runtime.services.ixn.InteractionDtoServiceInternalDefault: #introspectUpTo( TYPE_AND_MEMBERS_INTROSPECTED )
2021-05-30 22:05:40.198 START: workQueue.size: 0, waited for: 156ms, org.apache.isis.core.runtime.services.metrics.MetricsServiceDefault: #introspectUpTo( TYPE_AND_MEMBERS_INTROSPECTED )
2021-05-30 22:05:40.197 START: workQueue.size: 0, waited for: 155ms, org.apache.isis.core.runtime.services.memento.MementoServiceDefault: #introspectUpTo( TYPE_AND_MEMBERS_INTROSPECTED )
2021-05-30 22:05:40.198 START: workQueue.size: 0, waited for: 156ms, org.apache.isis.core.runtime.services.sessmgmt.SessionManagementServiceDefault: #introspectUpTo( TYPE_AND_MEMBERS_INTROSPECTED )
2021-05-30 22:05:40.198 END: completed in: 0ms, org.apache.isis.core.runtime.services.metrics.MetricsServiceDefault: #introspectUpTo( TYPE_AND_MEMBERS_INTROSPECTED )
2021-05-30 22:05:40.198 END: completed in: 1ms, org.apache.isis.core.runtime.services.memento.MementoServiceDefault: #introspectUpTo( TYPE_AND_MEMBERS_INTROSPECTED )
2021-05-30 22:05:40.198 START: workQueue.size: 0, waited for: 156ms, org.apache.isis.core.runtime.services.userreg.EmailNotificationServiceDefault: #introspectUpTo( TYPE_AND_MEMBERS_INTROSPECTED )
2021-05-30 22:05:40.198 END: completed in: 1ms, org.apache.isis.core.runtime.services.email.EmailServiceDefault: #introspectUpTo( TYPE_AND_MEMBERS_INTROSPECTED )
2021-05-30 22:05:40.198 END: completed in: 0ms, org.apache.isis.core.runtime.services.userreg.EmailNotificationServiceDefault: #introspectUpTo( TYPE_AND_MEMBERS_INTROSPECTED )
2021-05-30 22:05:40.198 START: workQueue.size: 0, waited for: 156ms, org.apache.isis.core.wrapper.WrapperFactoryDefault: #introspectUpTo( TYPE_AND_MEMBERS_INTROSPECTED )
2021-05-30 22:05:40.199 END: completed in: 1ms, org.apache.isis.core.wrapper.WrapperFactoryDefault: #introspectUpTo( TYPE_AND_MEMBERS_INTROSPECTED )
2021-05-30 22:05:40.199 START: workQueue.size: 0, waited for: 157ms, org.apache.isis.objectstore.jdo.applib.service.exceprecog.ExceptionRecognizerCompositeForJdoObjectStore: #introspectUpTo( TYPE_AND_MEMBERS_INTROSPECTED )
2021-05-30 22:05:40.199 END: completed in: 0ms, org.apache.isis.objectstore.jdo.applib.service.exceprecog.ExceptionRecognizerCompositeForJdoObjectStore: #introspectUpTo( TYPE_AND_MEMBERS_INTROSPECTED )
2021-05-30 22:05:40.199 START: workQueue.size: 0, waited for: 157ms, org.apache.isis.objectstore.jdo.datanucleus.service.support.IsisJdoSupportImpl: #introspectUpTo( TYPE_AND_MEMBERS_INTROSPECTED )
2021-05-30 22:05:40.199 END: completed in: 0ms, org.apache.isis.objectstore.jdo.datanucleus.service.support.IsisJdoSupportImpl: #introspectUpTo( TYPE_AND_MEMBERS_INTROSPECTED )
2021-05-30 22:05:40.199 START: workQueue.size: 0, waited for: 157ms, org.apache.isis.objectstore.jdo.datanucleus.service.support.TimestampService: #introspectUpTo( TYPE_AND_MEMBERS_INTROSPECTED )
2021-05-30 22:05:40.200 END: completed in: 1ms, org.apache.isis.objectstore.jdo.datanucleus.service.support.TimestampService: #introspectUpTo( TYPE_AND_MEMBERS_INTROSPECTED )
2021-05-30 22:05:40.200 START: workQueue.size: 0, waited for: 158ms, org.apache.isis.schema.services.jaxb.JaxbServiceDefault: #introspectUpTo( TYPE_AND_MEMBERS_INTROSPECTED )
2021-05-30 22:05:40.200 END: completed in: 0ms, org.apache.isis.schema.services.jaxb.JaxbServiceDefault: #introspectUpTo( TYPE_AND_MEMBERS_INTROSPECTED )
2021-05-30 22:05:40.200 START: workQueue.size: 0, waited for: 158ms, org.apache.isis.viewer.restfulobjects.rendering.service.RepresentationServiceContentNegotiator: #introspectUpTo( TYPE_AND_MEMBERS_INTROSPECTED )
2021-05-30 22:05:40.198 END: completed in: 1ms, org.apache.isis.core.runtime.services.i18n.po.TranslationServicePo: #introspectUpTo( TYPE_AND_MEMBERS_INTROSPECTED )
2021-05-30 22:05:40.198 START: workQueue.size: 0, waited for: 156ms, org.apache.isis.core.runtime.services.publish.PublishingServiceInternalDefault: #introspectUpTo( TYPE_AND_MEMBERS_INTROSPECTED )
2021-05-30 22:05:40.200 START: workQueue.size: 0, waited for: 158ms, org.apache.isis.viewer.restfulobjects.rendering.service.RepresentationServiceForRestfulObjects: #introspectUpTo( TYPE_AND_MEMBERS_INTROSPECTED )
2021-05-30 22:05:40.200 END: completed in: 0ms, org.apache.isis.viewer.restfulobjects.rendering.service.RepresentationServiceContentNegotiator: #introspectUpTo( TYPE_AND_MEMBERS_INTROSPECTED )
2021-05-30 22:05:40.200 START: workQueue.size: 0, waited for: 158ms, org.apache.isis.viewer.restfulobjects.rendering.service.acceptheader.AcceptHeaderServiceForRest: #introspectUpTo( TYPE_AND_MEMBERS_INTROSPECTED )
2021-05-30 22:05:40.200 END: completed in: 2ms, org.apache.isis.core.runtime.services.publish.PublishingServiceInternalDefault: #introspectUpTo( TYPE_AND_MEMBERS_INTROSPECTED )
2021-05-30 22:05:40.200 END: completed in: 0ms, org.apache.isis.viewer.restfulobjects.rendering.service.RepresentationServiceForRestfulObjects: #introspectUpTo( TYPE_AND_MEMBERS_INTROSPECTED )
2021-05-30 22:05:40.201 START: workQueue.size: 0, waited for: 159ms, org.apache.isis.viewer.restfulobjects.rendering.service.conneg.ContentNegotiationServiceForRestfulObjectsV1_0: #introspectUpTo( TYPE_AND_MEMBERS_INTROSPECTED )
2021-05-30 22:05:40.201 END: completed in: 1ms, org.apache.isis.viewer.restfulobjects.rendering.service.acceptheader.AcceptHeaderServiceForRest: #introspectUpTo( TYPE_AND_MEMBERS_INTROSPECTED )
2021-05-30 22:05:40.201 START: workQueue.size: 0, waited for: 159ms, org.apache.isis.viewer.wicket.viewer.services.DeepLinkServiceWicket: #introspectUpTo( TYPE_AND_MEMBERS_INTROSPECTED )
2021-05-30 22:05:40.201 END: completed in: 0ms, org.apache.isis.viewer.restfulobjects.rendering.service.conneg.ContentNegotiationServiceForRestfulObjectsV1_0: #introspectUpTo( TYPE_AND_MEMBERS_INTROSPECTED )
2021-05-30 22:05:40.201 START: workQueue.size: 0, waited for: 159ms, org.apache.isis.viewer.wicket.viewer.services.GuiceBeanProviderWicket: #introspectUpTo( TYPE_AND_MEMBERS_INTROSPECTED )
2021-05-30 22:05:40.201 END: completed in: 0ms, org.apache.isis.viewer.wicket.viewer.services.DeepLinkServiceWicket: #introspectUpTo( TYPE_AND_MEMBERS_INTROSPECTED )
2021-05-30 22:05:40.201 START: workQueue.size: 0, waited for: 159ms, org.apache.isis.viewer.wicket.viewer.services.HintStoreUsingWicketSession: #introspectUpTo( TYPE_AND_MEMBERS_INTROSPECTED )
2021-05-30 22:05:40.201 END: completed in: 0ms, org.apache.isis.viewer.wicket.viewer.services.GuiceBeanProviderWicket: #introspectUpTo( TYPE_AND_MEMBERS_INTROSPECTED )
2021-05-30 22:05:40.201 START: workQueue.size: 0, waited for: 159ms, org.apache.isis.viewer.wicket.viewer.services.LocaleProviderWicket: #introspectUpTo( TYPE_AND_MEMBERS_INTROSPECTED )
2021-05-30 22:05:40.198 START: workQueue.size: 0, waited for: 156ms, org.apache.isis.core.runtime.services.xmlsnapshot.XmlSnapshotServiceDefault: #introspectUpTo( TYPE_AND_MEMBERS_INTROSPECTED )
2021-05-30 22:05:40.198 END: completed in: 0ms, org.apache.isis.core.runtime.services.sessmgmt.SessionManagementServiceDefault: #introspectUpTo( TYPE_AND_MEMBERS_INTROSPECTED )
2021-05-30 22:05:40.201 END: completed in: 0ms, org.apache.isis.viewer.wicket.viewer.services.LocaleProviderWicket: #introspectUpTo( TYPE_AND_MEMBERS_INTROSPECTED )
2021-05-30 22:05:40.198 START: workQueue.size: 0, waited for: 156ms, org.apache.isis.core.runtime.services.sudo.SudoServiceDefault: #introspectUpTo( TYPE_AND_MEMBERS_INTROSPECTED )
2021-05-30 22:05:40.202 START: workQueue.size: 0, waited for: 160ms, org.apache.isis.viewer.wicket.viewer.services.TranslationsResolverWicket: #introspectUpTo( TYPE_AND_MEMBERS_INTROSPECTED )
2021-05-30 22:05:40.202 END: completed in: 4ms, org.apache.isis.core.runtime.services.xmlsnapshot.XmlSnapshotServiceDefault: #introspectUpTo( TYPE_AND_MEMBERS_INTROSPECTED )
2021-05-30 22:05:40.202 END: completed in: 4ms, org.apache.isis.core.runtime.services.sudo.SudoServiceDefault: #introspectUpTo( TYPE_AND_MEMBERS_INTROSPECTED )
2021-05-30 22:05:40.201 END: completed in: 0ms, org.apache.isis.viewer.wicket.viewer.services.HintStoreUsingWicketSession: #introspectUpTo( TYPE_AND_MEMBERS_INTROSPECTED )
2021-05-30 22:05:40.202 END: completed in: 0ms, org.apache.isis.viewer.wicket.viewer.services.TranslationsResolverWicket: #introspectUpTo( TYPE_AND_MEMBERS_INTROSPECTED )
2021-05-30 22:05:40.201 START: workQueue.size: 0, waited for: 159ms, org.apache.isis.viewer.wicket.viewer.services.BookmarkUiServiceWicket: #introspectUpTo( TYPE_AND_MEMBERS_INTROSPECTED )
2021-05-30 22:05:40.202 END: completed in: 1ms, org.apache.isis.viewer.wicket.viewer.services.BookmarkUiServiceWicket: #introspectUpTo( TYPE_AND_MEMBERS_INTROSPECTED )
2021-05-30 22:05:40.202 join'ing 101 tasks: waited 0 milliseconds 
2021-05-30 22:05:40.203 START: workQueue.size: 0, waited for: 0ms, org.apache.isis.core.metamodel.services.jdosupport.Persistable_datanucleusVersionTimestamp: #introspectUpTo( TYPE_AND_MEMBERS_INTROSPECTED )
2021-05-30 22:05:40.203 START: workQueue.size: 0, waited for: 0ms, org.apache.isis.applib.services.layout.Object_rebuildMetamodel: #introspectUpTo( TYPE_AND_MEMBERS_INTROSPECTED )
2021-05-30 22:05:40.203 START: workQueue.size: 0, waited for: 0ms, org.apache.isis.applib.services.layout.Object_downloadLayoutXml: #introspectUpTo( TYPE_AND_MEMBERS_INTROSPECTED )
2021-05-30 22:05:40.203 START: workQueue.size: 0, waited for: 0ms, org.apache.isis.core.metamodel.services.jdosupport.Persistable_datanucleusIdLong: #introspectUpTo( TYPE_AND_MEMBERS_INTROSPECTED )
2021-05-30 22:05:40.203 START: workQueue.size: 0, waited for: 0ms, org.apache.isis.core.metamodel.services.jdosupport.Persistable_datanucleusVersionLong: #introspectUpTo( TYPE_AND_MEMBERS_INTROSPECTED )
2021-05-30 22:05:40.203 START: workQueue.size: 0, waited for: 0ms, org.apache.isis.applib.services.dto.Dto_downloadXml: #introspectUpTo( TYPE_AND_MEMBERS_INTROSPECTED )
2021-05-30 22:05:40.214 END: completed in: 11ms, org.apache.isis.core.metamodel.services.jdosupport.Persistable_datanucleusVersionLong: #introspectUpTo( TYPE_AND_MEMBERS_INTROSPECTED )
2021-05-30 22:05:40.214 START: workQueue.size: 0, waited for: 11ms, org.apache.isis.applib.services.layout.Object_openRestApi: #introspectUpTo( TYPE_AND_MEMBERS_INTROSPECTED )
2021-05-30 22:05:40.215 END: completed in: 12ms, org.apache.isis.core.metamodel.services.jdosupport.Persistable_datanucleusIdLong: #introspectUpTo( TYPE_AND_MEMBERS_INTROSPECTED )
2021-05-30 22:05:40.215 START: workQueue.size: 0, waited for: 12ms, org.apache.isis.viewer.wicket.viewer.services.Object_clearHints: #introspectUpTo( TYPE_AND_MEMBERS_INTROSPECTED )
2021-05-30 22:05:40.215 END: completed in: 12ms, org.apache.isis.applib.services.dto.Dto_downloadXml: #introspectUpTo( TYPE_AND_MEMBERS_INTROSPECTED )
2021-05-30 22:05:40.215 START: workQueue.size: 0, waited for: 12ms, org.apache.isis.applib.services.bookmark.BookmarkHolder_object: #introspectUpTo( TYPE_AND_MEMBERS_INTROSPECTED )
2021-05-30 22:05:40.223 END: completed in: 20ms, org.apache.isis.applib.services.layout.Object_rebuildMetamodel: #introspectUpTo( TYPE_AND_MEMBERS_INTROSPECTED )
2021-05-30 22:05:40.223 START: workQueue.size: 0, waited for: 20ms, org.apache.isis.core.metamodel.services.jdosupport.Persistable_downloadJdoMetadata: #introspectUpTo( TYPE_AND_MEMBERS_INTROSPECTED )
2021-05-30 22:05:40.224 END: completed in: 9ms, org.apache.isis.viewer.wicket.viewer.services.Object_clearHints: #introspectUpTo( TYPE_AND_MEMBERS_INTROSPECTED )
2021-05-30 22:05:40.224 START: workQueue.size: 0, waited for: 21ms, org.apache.isis.applib.services.dto.Dto_downloadXsd: #introspectUpTo( TYPE_AND_MEMBERS_INTROSPECTED )
2021-05-30 22:05:40.225 END: completed in: 9ms, org.apache.isis.applib.services.bookmark.BookmarkHolder_object: #introspectUpTo( TYPE_AND_MEMBERS_INTROSPECTED )
2021-05-30 22:05:40.225 START: workQueue.size: 0, waited for: 22ms, org.apache.isis.applib.services.bookmark.BookmarkHolder_lookup: #introspectUpTo( TYPE_AND_MEMBERS_INTROSPECTED )
2021-05-30 22:05:40.226 END: completed in: 23ms, org.apache.isis.applib.services.layout.Object_downloadLayoutXml: #introspectUpTo( TYPE_AND_MEMBERS_INTROSPECTED )
2021-05-30 22:05:40.227 END: completed in: 2ms, org.apache.isis.applib.services.bookmark.BookmarkHolder_lookup: #introspectUpTo( TYPE_AND_MEMBERS_INTROSPECTED )
2021-05-30 22:05:40.223 END: completed in: 20ms, org.apache.isis.core.metamodel.services.jdosupport.Persistable_datanucleusVersionTimestamp: #introspectUpTo( TYPE_AND_MEMBERS_INTROSPECTED )
2021-05-30 22:05:40.223 END: completed in: 9ms, org.apache.isis.applib.services.layout.Object_openRestApi: #introspectUpTo( TYPE_AND_MEMBERS_INTROSPECTED )
2021-05-30 22:05:40.227 END: completed in: 4ms, org.apache.isis.core.metamodel.services.jdosupport.Persistable_downloadJdoMetadata: #introspectUpTo( TYPE_AND_MEMBERS_INTROSPECTED )
2021-05-30 22:05:40.232 END: completed in: 8ms, org.apache.isis.applib.services.dto.Dto_downloadXsd: #introspectUpTo( TYPE_AND_MEMBERS_INTROSPECTED )
2021-05-30 22:05:40.232 join'ing 12 tasks: waited 0 milliseconds 
2021-05-30 22:05:40.234 END: completed in: 708ms, SpecificationLoader#init()
2021-05-30 22:05:41.214 END: completed in: 1688ms, persistenceSessionFactory#init(...)
2021-05-30 22:05:41.214 join'ing 5 tasks: waited 0 milliseconds 
2021-05-30 22:05:41.482 join'ing 3 tasks: waited 0 milliseconds 
